#! /opt/homebrew/Cellar/icarus-verilog/12.0/bin/vvp
:ivl_version "12.0 (stable)";
:ivl_delay_selection "TYPICAL";
:vpi_time_precision - 12;
:vpi_module "/opt/homebrew/Cellar/icarus-verilog/12.0/lib/ivl/system.vpi";
:vpi_module "/opt/homebrew/Cellar/icarus-verilog/12.0/lib/ivl/vhdl_sys.vpi";
:vpi_module "/opt/homebrew/Cellar/icarus-verilog/12.0/lib/ivl/vhdl_textio.vpi";
:vpi_module "/opt/homebrew/Cellar/icarus-verilog/12.0/lib/ivl/v2005_math.vpi";
:vpi_module "/opt/homebrew/Cellar/icarus-verilog/12.0/lib/ivl/va_math.vpi";
:vpi_module "/opt/homebrew/Cellar/icarus-verilog/12.0/lib/ivl/v2009.vpi";
S_0x123076020 .scope package, "$unit" "$unit" 2 1;
 .timescale 0 0;
S_0x123022860 .scope module, "angle_division_tb" "angle_division_tb" 3 4;
 .timescale -9 -12;
v0x123094df0_0 .var "clk_in", 0 0;
v0x123094ed0_0 .net "clock_angle_out", 7 0, L_0x123095980;  1 drivers
v0x123094f60_0 .var "rst_in", 0 0;
v0x123095030_0 .net "sun_angle_out", 7 0, L_0x1230958c0;  1 drivers
v0x1230950c0_0 .var "valid_in", 0 0;
v0x123095190_0 .net "valid_out", 0 0, v0x123094880_0;  1 drivers
v0x123095220_0 .var "x0_in", 10 0;
v0x1230952b0_0 .var "x_in", 10 0;
v0x123095360_0 .var "y0_in", 9 0;
v0x123095490_0 .var "y_in", 9 0;
L_0x1230958c0 .part v0x123094760_0, 0, 8;
L_0x123095980 .part v0x123093d00_0, 0, 8;
S_0x1230229d0 .scope begin, "$ivl_for_loop0" "$ivl_for_loop0" 3 68, 3 68 0, S_0x123022860;
 .timescale -9 -12;
v0x123012ef0_0 .var/2s "i", 31 0;
S_0x123091bd0 .scope begin, "$ivl_for_loop1" "$ivl_for_loop1" 3 82, 3 82 0, S_0x123022860;
 .timescale -9 -12;
v0x123091da0_0 .var/2s "i", 31 0;
S_0x123091e30 .scope begin, "$ivl_for_loop2" "$ivl_for_loop2" 3 96, 3 96 0, S_0x123022860;
 .timescale -9 -12;
v0x123092010_0 .var/2s "i", 31 0;
S_0x1230920c0 .scope module, "uut" "angle_division" 3 18, 4 4 0, S_0x123022860;
 .timescale -9 -12;
    .port_info 0 /INPUT 1 "clk_in";
    .port_info 1 /INPUT 1 "rst_in";
    .port_info 2 /INPUT 1 "data_valid_in";
    .port_info 3 /INPUT 11 "x0_in";
    .port_info 4 /INPUT 10 "y0_in";
    .port_info 5 /INPUT 11 "x_in";
    .port_info 6 /INPUT 10 "y_in";
    .port_info 7 /OUTPUT 9 "sun_angle_out";
    .port_info 8 /OUTPUT 9 "clock_angle_out";
    .port_info 9 /OUTPUT 1 "valid_out";
P_0x123092280 .param/l "TRIG_WAIT" 0 4 4, +C4<00000000000000000000000000001010>;
enum0x123052a80 .enum2/s (32)
   "IDLE" 0,
   "COMPARING" 1,
   "MULTIPLYING" 2,
   "DIVIDING" 3,
   "LOOKUP" 4,
   "OUTPUTTING" 5
 ;
L_0x128098058 .functor BUFT 1, C4<0>, C4<0>, C4<0>, C4<0>;
v0x123093a20_0 .net *"_ivl_10", 0 0, L_0x128098058;  1 drivers
L_0x128098010 .functor BUFT 1, C4<0>, C4<0>, C4<0>, C4<0>;
v0x123093ae0_0 .net *"_ivl_5", 0 0, L_0x128098010;  1 drivers
v0x123093b80_0 .var "adjsquared", 63 0;
v0x123093c50_0 .net "clk_in", 0 0, v0x123094df0_0;  1 drivers
v0x123093d00_0 .var "clock_angle_out", 8 0;
v0x123093dd0_0 .net "clock_angle_out_temp", 8 0, L_0x123095760;  1 drivers
v0x123093e70_0 .net "data_valid_in", 0 0, v0x1230950c0_0;  1 drivers
v0x123093f10_0 .net "divide_busy_out", 0 0, v0x123092a40_0;  1 drivers
v0x123093fa0_0 .net "divide_error_out", 0 0, v0x123092f60_0;  1 drivers
v0x1230940d0_0 .net "divide_out", 63 0, v0x123093110_0;  1 drivers
v0x123094160_0 .var "divide_valid_in", 0 0;
v0x1230941f0_0 .net "divide_valid_out", 0 0, v0x123092c20_0;  1 drivers
v0x1230942a0_0 .net "invert", 0 0, L_0x123095520;  1 drivers
v0x123094330_0 .var "lookup_val", 63 0;
v0x1230943e0_0 .var "oppsquared", 63 0;
v0x123094490_0 .var "quadrant", 1 0;
v0x123094520_0 .net "rst_in", 0 0, v0x123094f60_0;  1 drivers
v0x1230946d0_0 .var/2s "state", 31 0;
v0x123094760_0 .var "sun_angle_out", 8 0;
v0x1230947f0_0 .net "sun_angle_out_temp", 8 0, L_0x123095600;  1 drivers
v0x123094880_0 .var "valid_out", 0 0;
v0x123094910_0 .var "x", 63 0;
v0x1230949a0_0 .net "x0_in", 10 0, v0x123095220_0;  1 drivers
v0x123094a40_0 .net "x_in", 10 0, v0x1230952b0_0;  1 drivers
v0x123094af0_0 .var "y", 63 0;
v0x123094ba0_0 .net "y0_in", 9 0, v0x123095360_0;  1 drivers
v0x123094c50_0 .net "y_in", 9 0, v0x123095490_0;  1 drivers
L_0x123095520 .cmp/gt 64, v0x123094af0_0, v0x123094910_0;
L_0x123095600 .concat [ 8 1 0 0], v0x123093920_0, L_0x128098010;
L_0x123095760 .concat [ 8 1 0 0], v0x1230936f0_0, L_0x128098058;
S_0x1230924f0 .scope module, "division" "divider" 4 40, 5 4 0, S_0x1230920c0;
 .timescale -9 -12;
    .port_info 0 /INPUT 1 "clk_in";
    .port_info 1 /INPUT 1 "rst_in";
    .port_info 2 /INPUT 64 "dividend_in";
    .port_info 3 /INPUT 64 "divisor_in";
    .port_info 4 /INPUT 1 "data_valid_in";
    .port_info 5 /OUTPUT 64 "quotient_out";
    .port_info 6 /OUTPUT 64 "remainder_out";
    .port_info 7 /OUTPUT 1 "data_valid_out";
    .port_info 8 /OUTPUT 1 "error_out";
    .port_info 9 /OUTPUT 1 "busy_out";
P_0x1230926c0 .param/l "DIVIDING" 1 5 15, +C4<00000000000000000000000000000001>;
P_0x123092700 .param/l "RESTING" 1 5 14, +C4<00000000000000000000000000000000>;
P_0x123092740 .param/l "WIDTH" 0 5 4, +C4<00000000000000000000000001000000>;
v0x123092a40_0 .var "busy_out", 0 0;
v0x123092af0_0 .net "clk_in", 0 0, v0x123094df0_0;  alias, 1 drivers
v0x123092b90_0 .net "data_valid_in", 0 0, v0x123094160_0;  1 drivers
v0x123092c20_0 .var "data_valid_out", 0 0;
v0x123092cb0_0 .var "dividend", 63 0;
v0x123092d50_0 .net "dividend_in", 63 0, v0x1230943e0_0;  1 drivers
v0x123092e00_0 .var "divisor", 63 0;
v0x123092eb0_0 .net "divisor_in", 63 0, v0x123093b80_0;  1 drivers
v0x123092f60_0 .var "error_out", 0 0;
v0x123093070_0 .var "quotient", 63 0;
v0x123093110_0 .var "quotient_out", 63 0;
v0x1230931c0_0 .var "remainder_out", 63 0;
v0x123093270_0 .net "rst_in", 0 0, v0x123094f60_0;  alias, 1 drivers
v0x123093310_0 .var "state", 0 0;
E_0x1230929e0 .event posedge, v0x123092af0_0;
S_0x1230934a0 .scope module, "lookup" "Angles_Lookup" 4 52, 6 1 0, S_0x1230920c0;
 .timescale -9 -12;
    .port_info 0 /INPUT 64 "ratio";
    .port_info 1 /OUTPUT 8 "sun_angle_val";
    .port_info 2 /OUTPUT 8 "clock_angle_val";
v0x1230936f0_0 .var "clock_angle_val", 7 0;
v0x1230937b0_0 .var "lookup_val", 7 0;
v0x123093860_0 .net "ratio", 63 0, v0x123094330_0;  1 drivers
v0x123093920_0 .var "sun_angle_val", 7 0;
E_0x123093660 .event anyedge, v0x123093860_0;
E_0x1230936a0 .event anyedge, v0x1230937b0_0;
    .scope S_0x1230924f0;
T_0 ;
    %wait E_0x1230929e0;
    %load/vec4 v0x123093270_0;
    %flag_set/vec4 8;
    %jmp/0xz  T_0.0, 8;
    %pushi/vec4 0, 0, 64;
    %assign/vec4 v0x123093070_0, 0;
    %pushi/vec4 0, 0, 64;
    %assign/vec4 v0x123092cb0_0, 0;
    %pushi/vec4 0, 0, 64;
    %assign/vec4 v0x123092e00_0, 0;
    %pushi/vec4 0, 0, 64;
    %assign/vec4 v0x1230931c0_0, 0;
    %pushi/vec4 0, 0, 1;
    %assign/vec4 v0x123092a40_0, 0;
    %pushi/vec4 0, 0, 1;
    %assign/vec4 v0x123092f60_0, 0;
    %pushi/vec4 0, 0, 1;
    %assign/vec4 v0x123093310_0, 0;
    %pushi/vec4 0, 0, 1;
    %assign/vec4 v0x123092c20_0, 0;
    %jmp T_0.1;
T_0.0 ;
    %load/vec4 v0x123093310_0;
    %dup/vec4;
    %pushi/vec4 0, 0, 1;
    %cmp/u;
    %jmp/1 T_0.2, 6;
    %dup/vec4;
    %pushi/vec4 1, 0, 1;
    %cmp/u;
    %jmp/1 T_0.3, 6;
    %jmp T_0.4;
T_0.2 ;
    %load/vec4 v0x123092b90_0;
    %flag_set/vec4 8;
    %jmp/0xz  T_0.5, 8;
    %pushi/vec4 1, 0, 1;
    %assign/vec4 v0x123093310_0, 0;
    %pushi/vec4 0, 0, 64;
    %assign/vec4 v0x123093070_0, 0;
    %load/vec4 v0x123092d50_0;
    %assign/vec4 v0x123092cb0_0, 0;
    %load/vec4 v0x123092eb0_0;
    %assign/vec4 v0x123092e00_0, 0;
    %pushi/vec4 1, 0, 1;
    %assign/vec4 v0x123092a40_0, 0;
    %pushi/vec4 0, 0, 1;
    %assign/vec4 v0x123092f60_0, 0;
T_0.5 ;
    %pushi/vec4 0, 0, 1;
    %assign/vec4 v0x123092c20_0, 0;
    %jmp T_0.4;
T_0.3 ;
    %load/vec4 v0x123092cb0_0;
    %cmpi/u 0, 0, 64;
    %flag_or 5, 4;
    %jmp/0xz  T_0.7, 5;
    %pushi/vec4 0, 0, 1;
    %assign/vec4 v0x123093310_0, 0;
    %load/vec4 v0x123092cb0_0;
    %assign/vec4 v0x1230931c0_0, 0;
    %load/vec4 v0x123093070_0;
    %assign/vec4 v0x123093110_0, 0;
    %pushi/vec4 0, 0, 1;
    %assign/vec4 v0x123092a40_0, 0;
    %pushi/vec4 0, 0, 1;
    %assign/vec4 v0x123092f60_0, 0;
    %pushi/vec4 1, 0, 1;
    %assign/vec4 v0x123092c20_0, 0;
    %jmp T_0.8;
T_0.7 ;
    %load/vec4 v0x123092e00_0;
    %cmpi/e 0, 0, 64;
    %jmp/0xz  T_0.9, 4;
    %pushi/vec4 0, 0, 1;
    %assign/vec4 v0x123093310_0, 0;
    %pushi/vec4 0, 0, 64;
    %assign/vec4 v0x1230931c0_0, 0;
    %pushi/vec4 0, 0, 64;
    %assign/vec4 v0x123093110_0, 0;
    %pushi/vec4 0, 0, 1;
    %assign/vec4 v0x123092a40_0, 0;
    %pushi/vec4 1, 0, 1;
    %assign/vec4 v0x123092f60_0, 0;
    %pushi/vec4 1, 0, 1;
    %assign/vec4 v0x123092c20_0, 0;
    %jmp T_0.10;
T_0.9 ;
    %load/vec4 v0x123092cb0_0;
    %load/vec4 v0x123092e00_0;
    %cmp/u;
    %jmp/0xz  T_0.11, 5;
    %pushi/vec4 0, 0, 1;
    %assign/vec4 v0x123093310_0, 0;
    %load/vec4 v0x123092cb0_0;
    %assign/vec4 v0x1230931c0_0, 0;
    %load/vec4 v0x123093070_0;
    %assign/vec4 v0x123093110_0, 0;
    %pushi/vec4 0, 0, 1;
    %assign/vec4 v0x123092a40_0, 0;
    %pushi/vec4 0, 0, 1;
    %assign/vec4 v0x123092f60_0, 0;
    %pushi/vec4 1, 0, 1;
    %assign/vec4 v0x123092c20_0, 0;
    %jmp T_0.12;
T_0.11 ;
    %pushi/vec4 1, 0, 1;
    %assign/vec4 v0x123093310_0, 0;
    %load/vec4 v0x123093070_0;
    %addi 1, 0, 64;
    %assign/vec4 v0x123093070_0, 0;
    %load/vec4 v0x123092cb0_0;
    %load/vec4 v0x123092e00_0;
    %sub;
    %assign/vec4 v0x123092cb0_0, 0;
T_0.12 ;
T_0.10 ;
T_0.8 ;
    %jmp T_0.4;
T_0.4 ;
    %pop/vec4 1;
T_0.1 ;
    %jmp T_0;
    .thread T_0;
    .scope S_0x1230934a0;
T_1 ;
Ewait_0 .event/or E_0x1230936a0, E_0x0;
    %wait Ewait_0;
    %load/vec4 v0x1230937b0_0;
    %dup/vec4;
    %pushi/vec4 0, 0, 8;
    %cmp/u;
    %jmp/1 T_1.0, 6;
    %dup/vec4;
    %pushi/vec4 1, 0, 8;
    %cmp/u;
    %jmp/1 T_1.1, 6;
    %dup/vec4;
    %pushi/vec4 2, 0, 8;
    %cmp/u;
    %jmp/1 T_1.2, 6;
    %dup/vec4;
    %pushi/vec4 3, 0, 8;
    %cmp/u;
    %jmp/1 T_1.3, 6;
    %dup/vec4;
    %pushi/vec4 4, 0, 8;
    %cmp/u;
    %jmp/1 T_1.4, 6;
    %dup/vec4;
    %pushi/vec4 5, 0, 8;
    %cmp/u;
    %jmp/1 T_1.5, 6;
    %dup/vec4;
    %pushi/vec4 6, 0, 8;
    %cmp/u;
    %jmp/1 T_1.6, 6;
    %dup/vec4;
    %pushi/vec4 7, 0, 8;
    %cmp/u;
    %jmp/1 T_1.7, 6;
    %dup/vec4;
    %pushi/vec4 8, 0, 8;
    %cmp/u;
    %jmp/1 T_1.8, 6;
    %dup/vec4;
    %pushi/vec4 9, 0, 8;
    %cmp/u;
    %jmp/1 T_1.9, 6;
    %dup/vec4;
    %pushi/vec4 10, 0, 8;
    %cmp/u;
    %jmp/1 T_1.10, 6;
    %dup/vec4;
    %pushi/vec4 11, 0, 8;
    %cmp/u;
    %jmp/1 T_1.11, 6;
    %dup/vec4;
    %pushi/vec4 12, 0, 8;
    %cmp/u;
    %jmp/1 T_1.12, 6;
    %dup/vec4;
    %pushi/vec4 13, 0, 8;
    %cmp/u;
    %jmp/1 T_1.13, 6;
    %dup/vec4;
    %pushi/vec4 14, 0, 8;
    %cmp/u;
    %jmp/1 T_1.14, 6;
    %dup/vec4;
    %pushi/vec4 15, 0, 8;
    %cmp/u;
    %jmp/1 T_1.15, 6;
    %dup/vec4;
    %pushi/vec4 16, 0, 8;
    %cmp/u;
    %jmp/1 T_1.16, 6;
    %dup/vec4;
    %pushi/vec4 17, 0, 8;
    %cmp/u;
    %jmp/1 T_1.17, 6;
    %dup/vec4;
    %pushi/vec4 18, 0, 8;
    %cmp/u;
    %jmp/1 T_1.18, 6;
    %dup/vec4;
    %pushi/vec4 19, 0, 8;
    %cmp/u;
    %jmp/1 T_1.19, 6;
    %dup/vec4;
    %pushi/vec4 20, 0, 8;
    %cmp/u;
    %jmp/1 T_1.20, 6;
    %dup/vec4;
    %pushi/vec4 21, 0, 8;
    %cmp/u;
    %jmp/1 T_1.21, 6;
    %dup/vec4;
    %pushi/vec4 22, 0, 8;
    %cmp/u;
    %jmp/1 T_1.22, 6;
    %dup/vec4;
    %pushi/vec4 23, 0, 8;
    %cmp/u;
    %jmp/1 T_1.23, 6;
    %dup/vec4;
    %pushi/vec4 24, 0, 8;
    %cmp/u;
    %jmp/1 T_1.24, 6;
    %dup/vec4;
    %pushi/vec4 25, 0, 8;
    %cmp/u;
    %jmp/1 T_1.25, 6;
    %dup/vec4;
    %pushi/vec4 26, 0, 8;
    %cmp/u;
    %jmp/1 T_1.26, 6;
    %dup/vec4;
    %pushi/vec4 27, 0, 8;
    %cmp/u;
    %jmp/1 T_1.27, 6;
    %dup/vec4;
    %pushi/vec4 28, 0, 8;
    %cmp/u;
    %jmp/1 T_1.28, 6;
    %dup/vec4;
    %pushi/vec4 29, 0, 8;
    %cmp/u;
    %jmp/1 T_1.29, 6;
    %dup/vec4;
    %pushi/vec4 30, 0, 8;
    %cmp/u;
    %jmp/1 T_1.30, 6;
    %dup/vec4;
    %pushi/vec4 31, 0, 8;
    %cmp/u;
    %jmp/1 T_1.31, 6;
    %dup/vec4;
    %pushi/vec4 32, 0, 8;
    %cmp/u;
    %jmp/1 T_1.32, 6;
    %dup/vec4;
    %pushi/vec4 33, 0, 8;
    %cmp/u;
    %jmp/1 T_1.33, 6;
    %dup/vec4;
    %pushi/vec4 34, 0, 8;
    %cmp/u;
    %jmp/1 T_1.34, 6;
    %dup/vec4;
    %pushi/vec4 35, 0, 8;
    %cmp/u;
    %jmp/1 T_1.35, 6;
    %dup/vec4;
    %pushi/vec4 36, 0, 8;
    %cmp/u;
    %jmp/1 T_1.36, 6;
    %dup/vec4;
    %pushi/vec4 37, 0, 8;
    %cmp/u;
    %jmp/1 T_1.37, 6;
    %dup/vec4;
    %pushi/vec4 38, 0, 8;
    %cmp/u;
    %jmp/1 T_1.38, 6;
    %dup/vec4;
    %pushi/vec4 39, 0, 8;
    %cmp/u;
    %jmp/1 T_1.39, 6;
    %dup/vec4;
    %pushi/vec4 40, 0, 8;
    %cmp/u;
    %jmp/1 T_1.40, 6;
    %dup/vec4;
    %pushi/vec4 41, 0, 8;
    %cmp/u;
    %jmp/1 T_1.41, 6;
    %dup/vec4;
    %pushi/vec4 42, 0, 8;
    %cmp/u;
    %jmp/1 T_1.42, 6;
    %dup/vec4;
    %pushi/vec4 43, 0, 8;
    %cmp/u;
    %jmp/1 T_1.43, 6;
    %dup/vec4;
    %pushi/vec4 44, 0, 8;
    %cmp/u;
    %jmp/1 T_1.44, 6;
    %dup/vec4;
    %pushi/vec4 45, 0, 8;
    %cmp/u;
    %jmp/1 T_1.45, 6;
    %pushi/vec4 0, 0, 8;
    %store/vec4 v0x123093920_0, 0, 8;
    %pushi/vec4 0, 0, 8;
    %store/vec4 v0x1230936f0_0, 0, 8;
    %jmp T_1.47;
T_1.0 ;
    %pushi/vec4 0, 0, 8;
    %store/vec4 v0x123093920_0, 0, 8;
    %pushi/vec4 0, 0, 8;
    %store/vec4 v0x1230936f0_0, 0, 8;
    %jmp T_1.47;
T_1.1 ;
    %pushi/vec4 1, 0, 8;
    %store/vec4 v0x123093920_0, 0, 8;
    %pushi/vec4 1, 0, 8;
    %store/vec4 v0x1230936f0_0, 0, 8;
    %jmp T_1.47;
T_1.2 ;
    %pushi/vec4 2, 0, 8;
    %store/vec4 v0x123093920_0, 0, 8;
    %pushi/vec4 2, 0, 8;
    %store/vec4 v0x1230936f0_0, 0, 8;
    %jmp T_1.47;
T_1.3 ;
    %pushi/vec4 3, 0, 8;
    %store/vec4 v0x123093920_0, 0, 8;
    %pushi/vec4 3, 0, 8;
    %store/vec4 v0x1230936f0_0, 0, 8;
    %jmp T_1.47;
T_1.4 ;
    %pushi/vec4 4, 0, 8;
    %store/vec4 v0x123093920_0, 0, 8;
    %pushi/vec4 4, 0, 8;
    %store/vec4 v0x1230936f0_0, 0, 8;
    %jmp T_1.47;
T_1.5 ;
    %pushi/vec4 5, 0, 8;
    %store/vec4 v0x123093920_0, 0, 8;
    %pushi/vec4 5, 0, 8;
    %store/vec4 v0x1230936f0_0, 0, 8;
    %jmp T_1.47;
T_1.6 ;
    %pushi/vec4 6, 0, 8;
    %store/vec4 v0x123093920_0, 0, 8;
    %pushi/vec4 6, 0, 8;
    %store/vec4 v0x1230936f0_0, 0, 8;
    %jmp T_1.47;
T_1.7 ;
    %pushi/vec4 7, 0, 8;
    %store/vec4 v0x123093920_0, 0, 8;
    %pushi/vec4 7, 0, 8;
    %store/vec4 v0x1230936f0_0, 0, 8;
    %jmp T_1.47;
T_1.8 ;
    %pushi/vec4 8, 0, 8;
    %store/vec4 v0x123093920_0, 0, 8;
    %pushi/vec4 8, 0, 8;
    %store/vec4 v0x1230936f0_0, 0, 8;
    %jmp T_1.47;
T_1.9 ;
    %pushi/vec4 9, 0, 8;
    %store/vec4 v0x123093920_0, 0, 8;
    %pushi/vec4 9, 0, 8;
    %store/vec4 v0x1230936f0_0, 0, 8;
    %jmp T_1.47;
T_1.10 ;
    %pushi/vec4 10, 0, 8;
    %store/vec4 v0x123093920_0, 0, 8;
    %pushi/vec4 10, 0, 8;
    %store/vec4 v0x1230936f0_0, 0, 8;
    %jmp T_1.47;
T_1.11 ;
    %pushi/vec4 11, 0, 8;
    %store/vec4 v0x123093920_0, 0, 8;
    %pushi/vec4 11, 0, 8;
    %store/vec4 v0x1230936f0_0, 0, 8;
    %jmp T_1.47;
T_1.12 ;
    %pushi/vec4 12, 0, 8;
    %store/vec4 v0x123093920_0, 0, 8;
    %pushi/vec4 12, 0, 8;
    %store/vec4 v0x1230936f0_0, 0, 8;
    %jmp T_1.47;
T_1.13 ;
    %pushi/vec4 13, 0, 8;
    %store/vec4 v0x123093920_0, 0, 8;
    %pushi/vec4 13, 0, 8;
    %store/vec4 v0x1230936f0_0, 0, 8;
    %jmp T_1.47;
T_1.14 ;
    %pushi/vec4 14, 0, 8;
    %store/vec4 v0x123093920_0, 0, 8;
    %pushi/vec4 14, 0, 8;
    %store/vec4 v0x1230936f0_0, 0, 8;
    %jmp T_1.47;
T_1.15 ;
    %pushi/vec4 15, 0, 8;
    %store/vec4 v0x123093920_0, 0, 8;
    %pushi/vec4 15, 0, 8;
    %store/vec4 v0x1230936f0_0, 0, 8;
    %jmp T_1.47;
T_1.16 ;
    %pushi/vec4 16, 0, 8;
    %store/vec4 v0x123093920_0, 0, 8;
    %pushi/vec4 16, 0, 8;
    %store/vec4 v0x1230936f0_0, 0, 8;
    %jmp T_1.47;
T_1.17 ;
    %pushi/vec4 17, 0, 8;
    %store/vec4 v0x123093920_0, 0, 8;
    %pushi/vec4 17, 0, 8;
    %store/vec4 v0x1230936f0_0, 0, 8;
    %jmp T_1.47;
T_1.18 ;
    %pushi/vec4 18, 0, 8;
    %store/vec4 v0x123093920_0, 0, 8;
    %pushi/vec4 18, 0, 8;
    %store/vec4 v0x1230936f0_0, 0, 8;
    %jmp T_1.47;
T_1.19 ;
    %pushi/vec4 19, 0, 8;
    %store/vec4 v0x123093920_0, 0, 8;
    %pushi/vec4 19, 0, 8;
    %store/vec4 v0x1230936f0_0, 0, 8;
    %jmp T_1.47;
T_1.20 ;
    %pushi/vec4 20, 0, 8;
    %store/vec4 v0x123093920_0, 0, 8;
    %pushi/vec4 20, 0, 8;
    %store/vec4 v0x1230936f0_0, 0, 8;
    %jmp T_1.47;
T_1.21 ;
    %pushi/vec4 21, 0, 8;
    %store/vec4 v0x123093920_0, 0, 8;
    %pushi/vec4 21, 0, 8;
    %store/vec4 v0x1230936f0_0, 0, 8;
    %jmp T_1.47;
T_1.22 ;
    %pushi/vec4 22, 0, 8;
    %store/vec4 v0x123093920_0, 0, 8;
    %pushi/vec4 22, 0, 8;
    %store/vec4 v0x1230936f0_0, 0, 8;
    %jmp T_1.47;
T_1.23 ;
    %pushi/vec4 23, 0, 8;
    %store/vec4 v0x123093920_0, 0, 8;
    %pushi/vec4 23, 0, 8;
    %store/vec4 v0x1230936f0_0, 0, 8;
    %jmp T_1.47;
T_1.24 ;
    %pushi/vec4 24, 0, 8;
    %store/vec4 v0x123093920_0, 0, 8;
    %pushi/vec4 24, 0, 8;
    %store/vec4 v0x1230936f0_0, 0, 8;
    %jmp T_1.47;
T_1.25 ;
    %pushi/vec4 25, 0, 8;
    %store/vec4 v0x123093920_0, 0, 8;
    %pushi/vec4 25, 0, 8;
    %store/vec4 v0x1230936f0_0, 0, 8;
    %jmp T_1.47;
T_1.26 ;
    %pushi/vec4 26, 0, 8;
    %store/vec4 v0x123093920_0, 0, 8;
    %pushi/vec4 26, 0, 8;
    %store/vec4 v0x1230936f0_0, 0, 8;
    %jmp T_1.47;
T_1.27 ;
    %pushi/vec4 27, 0, 8;
    %store/vec4 v0x123093920_0, 0, 8;
    %pushi/vec4 27, 0, 8;
    %store/vec4 v0x1230936f0_0, 0, 8;
    %jmp T_1.47;
T_1.28 ;
    %pushi/vec4 28, 0, 8;
    %store/vec4 v0x123093920_0, 0, 8;
    %pushi/vec4 28, 0, 8;
    %store/vec4 v0x1230936f0_0, 0, 8;
    %jmp T_1.47;
T_1.29 ;
    %pushi/vec4 29, 0, 8;
    %store/vec4 v0x123093920_0, 0, 8;
    %pushi/vec4 29, 0, 8;
    %store/vec4 v0x1230936f0_0, 0, 8;
    %jmp T_1.47;
T_1.30 ;
    %pushi/vec4 30, 0, 8;
    %store/vec4 v0x123093920_0, 0, 8;
    %pushi/vec4 30, 0, 8;
    %store/vec4 v0x1230936f0_0, 0, 8;
    %jmp T_1.47;
T_1.31 ;
    %pushi/vec4 31, 0, 8;
    %store/vec4 v0x123093920_0, 0, 8;
    %pushi/vec4 31, 0, 8;
    %store/vec4 v0x1230936f0_0, 0, 8;
    %jmp T_1.47;
T_1.32 ;
    %pushi/vec4 32, 0, 8;
    %store/vec4 v0x123093920_0, 0, 8;
    %pushi/vec4 32, 0, 8;
    %store/vec4 v0x1230936f0_0, 0, 8;
    %jmp T_1.47;
T_1.33 ;
    %pushi/vec4 33, 0, 8;
    %store/vec4 v0x123093920_0, 0, 8;
    %pushi/vec4 33, 0, 8;
    %store/vec4 v0x1230936f0_0, 0, 8;
    %jmp T_1.47;
T_1.34 ;
    %pushi/vec4 34, 0, 8;
    %store/vec4 v0x123093920_0, 0, 8;
    %pushi/vec4 34, 0, 8;
    %store/vec4 v0x1230936f0_0, 0, 8;
    %jmp T_1.47;
T_1.35 ;
    %pushi/vec4 35, 0, 8;
    %store/vec4 v0x123093920_0, 0, 8;
    %pushi/vec4 35, 0, 8;
    %store/vec4 v0x1230936f0_0, 0, 8;
    %jmp T_1.47;
T_1.36 ;
    %pushi/vec4 36, 0, 8;
    %store/vec4 v0x123093920_0, 0, 8;
    %pushi/vec4 36, 0, 8;
    %store/vec4 v0x1230936f0_0, 0, 8;
    %jmp T_1.47;
T_1.37 ;
    %pushi/vec4 37, 0, 8;
    %store/vec4 v0x123093920_0, 0, 8;
    %pushi/vec4 37, 0, 8;
    %store/vec4 v0x1230936f0_0, 0, 8;
    %jmp T_1.47;
T_1.38 ;
    %pushi/vec4 38, 0, 8;
    %store/vec4 v0x123093920_0, 0, 8;
    %pushi/vec4 38, 0, 8;
    %store/vec4 v0x1230936f0_0, 0, 8;
    %jmp T_1.47;
T_1.39 ;
    %pushi/vec4 39, 0, 8;
    %store/vec4 v0x123093920_0, 0, 8;
    %pushi/vec4 39, 0, 8;
    %store/vec4 v0x1230936f0_0, 0, 8;
    %jmp T_1.47;
T_1.40 ;
    %pushi/vec4 40, 0, 8;
    %store/vec4 v0x123093920_0, 0, 8;
    %pushi/vec4 40, 0, 8;
    %store/vec4 v0x1230936f0_0, 0, 8;
    %jmp T_1.47;
T_1.41 ;
    %pushi/vec4 41, 0, 8;
    %store/vec4 v0x123093920_0, 0, 8;
    %pushi/vec4 41, 0, 8;
    %store/vec4 v0x1230936f0_0, 0, 8;
    %jmp T_1.47;
T_1.42 ;
    %pushi/vec4 42, 0, 8;
    %store/vec4 v0x123093920_0, 0, 8;
    %pushi/vec4 42, 0, 8;
    %store/vec4 v0x1230936f0_0, 0, 8;
    %jmp T_1.47;
T_1.43 ;
    %pushi/vec4 43, 0, 8;
    %store/vec4 v0x123093920_0, 0, 8;
    %pushi/vec4 43, 0, 8;
    %store/vec4 v0x1230936f0_0, 0, 8;
    %jmp T_1.47;
T_1.44 ;
    %pushi/vec4 44, 0, 8;
    %store/vec4 v0x123093920_0, 0, 8;
    %pushi/vec4 44, 0, 8;
    %store/vec4 v0x1230936f0_0, 0, 8;
    %jmp T_1.47;
T_1.45 ;
    %pushi/vec4 45, 0, 8;
    %store/vec4 v0x123093920_0, 0, 8;
    %pushi/vec4 45, 0, 8;
    %store/vec4 v0x1230936f0_0, 0, 8;
    %jmp T_1.47;
T_1.47 ;
    %pop/vec4 1;
    %jmp T_1;
    .thread T_1, $push;
    .scope S_0x1230934a0;
T_2 ;
Ewait_1 .event/or E_0x123093660, E_0x0;
    %wait Ewait_1;
    %load/vec4 v0x123093860_0;
    %cmpi/u 0, 0, 64;
    %flag_or 5, 4; GT is !LE
    %flag_inv 5;
    %flag_get/vec4 5;
    %jmp/0 T_2.2, 5;
    %load/vec4 v0x123093860_0;
    %cmpi/u 2, 0, 64;
    %flag_get/vec4 4;
    %flag_get/vec4 5;
    %or;
    %and;
T_2.2;
    %flag_set/vec4 8;
    %jmp/0xz  T_2.0, 8;
    %pushi/vec4 0, 0, 8;
    %store/vec4 v0x1230937b0_0, 0, 8;
    %jmp T_2.1;
T_2.0 ;
    %load/vec4 v0x123093860_0;
    %cmpi/u 0, 0, 64;
    %flag_or 5, 4; GT is !LE
    %flag_inv 5;
    %flag_get/vec4 5;
    %jmp/0 T_2.5, 5;
    %load/vec4 v0x123093860_0;
    %cmpi/u 2, 0, 64;
    %flag_get/vec4 4;
    %flag_get/vec4 5;
    %or;
    %and;
T_2.5;
    %flag_set/vec4 8;
    %jmp/0xz  T_2.3, 8;
    %pushi/vec4 0, 0, 8;
    %store/vec4 v0x1230937b0_0, 0, 8;
    %jmp T_2.4;
T_2.3 ;
    %load/vec4 v0x123093860_0;
    %cmpi/u 2, 0, 64;
    %flag_or 5, 4; GT is !LE
    %flag_inv 5;
    %flag_get/vec4 5;
    %jmp/0 T_2.8, 5;
    %load/vec4 v0x123093860_0;
    %cmpi/u 3, 0, 64;
    %flag_get/vec4 4;
    %flag_get/vec4 5;
    %or;
    %and;
T_2.8;
    %flag_set/vec4 8;
    %jmp/0xz  T_2.6, 8;
    %pushi/vec4 1, 0, 8;
    %store/vec4 v0x1230937b0_0, 0, 8;
    %jmp T_2.7;
T_2.6 ;
    %load/vec4 v0x123093860_0;
    %cmpi/u 3, 0, 64;
    %flag_or 5, 4; GT is !LE
    %flag_inv 5;
    %flag_get/vec4 5;
    %jmp/0 T_2.11, 5;
    %load/vec4 v0x123093860_0;
    %cmpi/u 5, 0, 64;
    %flag_get/vec4 4;
    %flag_get/vec4 5;
    %or;
    %and;
T_2.11;
    %flag_set/vec4 8;
    %jmp/0xz  T_2.9, 8;
    %pushi/vec4 2, 0, 8;
    %store/vec4 v0x1230937b0_0, 0, 8;
    %jmp T_2.10;
T_2.9 ;
    %load/vec4 v0x123093860_0;
    %cmpi/u 5, 0, 64;
    %flag_or 5, 4; GT is !LE
    %flag_inv 5;
    %flag_get/vec4 5;
    %jmp/0 T_2.14, 5;
    %load/vec4 v0x123093860_0;
    %cmpi/u 7, 0, 64;
    %flag_get/vec4 4;
    %flag_get/vec4 5;
    %or;
    %and;
T_2.14;
    %flag_set/vec4 8;
    %jmp/0xz  T_2.12, 8;
    %pushi/vec4 3, 0, 8;
    %store/vec4 v0x1230937b0_0, 0, 8;
    %jmp T_2.13;
T_2.12 ;
    %load/vec4 v0x123093860_0;
    %cmpi/u 7, 0, 64;
    %flag_or 5, 4; GT is !LE
    %flag_inv 5;
    %flag_get/vec4 5;
    %jmp/0 T_2.17, 5;
    %load/vec4 v0x123093860_0;
    %cmpi/u 9, 0, 64;
    %flag_get/vec4 4;
    %flag_get/vec4 5;
    %or;
    %and;
T_2.17;
    %flag_set/vec4 8;
    %jmp/0xz  T_2.15, 8;
    %pushi/vec4 4, 0, 8;
    %store/vec4 v0x1230937b0_0, 0, 8;
    %jmp T_2.16;
T_2.15 ;
    %load/vec4 v0x123093860_0;
    %cmpi/u 9, 0, 64;
    %flag_or 5, 4; GT is !LE
    %flag_inv 5;
    %flag_get/vec4 5;
    %jmp/0 T_2.20, 5;
    %load/vec4 v0x123093860_0;
    %cmpi/u 11, 0, 64;
    %flag_get/vec4 4;
    %flag_get/vec4 5;
    %or;
    %and;
T_2.20;
    %flag_set/vec4 8;
    %jmp/0xz  T_2.18, 8;
    %pushi/vec4 5, 0, 8;
    %store/vec4 v0x1230937b0_0, 0, 8;
    %jmp T_2.19;
T_2.18 ;
    %load/vec4 v0x123093860_0;
    %cmpi/u 11, 0, 64;
    %flag_or 5, 4; GT is !LE
    %flag_inv 5;
    %flag_get/vec4 5;
    %jmp/0 T_2.23, 5;
    %load/vec4 v0x123093860_0;
    %cmpi/u 12, 0, 64;
    %flag_get/vec4 4;
    %flag_get/vec4 5;
    %or;
    %and;
T_2.23;
    %flag_set/vec4 8;
    %jmp/0xz  T_2.21, 8;
    %pushi/vec4 6, 0, 8;
    %store/vec4 v0x1230937b0_0, 0, 8;
    %jmp T_2.22;
T_2.21 ;
    %load/vec4 v0x123093860_0;
    %cmpi/u 12, 0, 64;
    %flag_or 5, 4; GT is !LE
    %flag_inv 5;
    %flag_get/vec4 5;
    %jmp/0 T_2.26, 5;
    %load/vec4 v0x123093860_0;
    %cmpi/u 14, 0, 64;
    %flag_get/vec4 4;
    %flag_get/vec4 5;
    %or;
    %and;
T_2.26;
    %flag_set/vec4 8;
    %jmp/0xz  T_2.24, 8;
    %pushi/vec4 7, 0, 8;
    %store/vec4 v0x1230937b0_0, 0, 8;
    %jmp T_2.25;
T_2.24 ;
    %load/vec4 v0x123093860_0;
    %cmpi/u 14, 0, 64;
    %flag_or 5, 4; GT is !LE
    %flag_inv 5;
    %flag_get/vec4 5;
    %jmp/0 T_2.29, 5;
    %load/vec4 v0x123093860_0;
    %cmpi/u 16, 0, 64;
    %flag_get/vec4 4;
    %flag_get/vec4 5;
    %or;
    %and;
T_2.29;
    %flag_set/vec4 8;
    %jmp/0xz  T_2.27, 8;
    %pushi/vec4 8, 0, 8;
    %store/vec4 v0x1230937b0_0, 0, 8;
    %jmp T_2.28;
T_2.27 ;
    %load/vec4 v0x123093860_0;
    %cmpi/u 16, 0, 64;
    %flag_or 5, 4; GT is !LE
    %flag_inv 5;
    %flag_get/vec4 5;
    %jmp/0 T_2.32, 5;
    %load/vec4 v0x123093860_0;
    %cmpi/u 18, 0, 64;
    %flag_get/vec4 4;
    %flag_get/vec4 5;
    %or;
    %and;
T_2.32;
    %flag_set/vec4 8;
    %jmp/0xz  T_2.30, 8;
    %pushi/vec4 9, 0, 8;
    %store/vec4 v0x1230937b0_0, 0, 8;
    %jmp T_2.31;
T_2.30 ;
    %load/vec4 v0x123093860_0;
    %cmpi/u 18, 0, 64;
    %flag_or 5, 4; GT is !LE
    %flag_inv 5;
    %flag_get/vec4 5;
    %jmp/0 T_2.35, 5;
    %load/vec4 v0x123093860_0;
    %cmpi/u 19, 0, 64;
    %flag_get/vec4 4;
    %flag_get/vec4 5;
    %or;
    %and;
T_2.35;
    %flag_set/vec4 8;
    %jmp/0xz  T_2.33, 8;
    %pushi/vec4 10, 0, 8;
    %store/vec4 v0x1230937b0_0, 0, 8;
    %jmp T_2.34;
T_2.33 ;
    %load/vec4 v0x123093860_0;
    %cmpi/u 19, 0, 64;
    %flag_or 5, 4; GT is !LE
    %flag_inv 5;
    %flag_get/vec4 5;
    %jmp/0 T_2.38, 5;
    %load/vec4 v0x123093860_0;
    %cmpi/u 21, 0, 64;
    %flag_get/vec4 4;
    %flag_get/vec4 5;
    %or;
    %and;
T_2.38;
    %flag_set/vec4 8;
    %jmp/0xz  T_2.36, 8;
    %pushi/vec4 11, 0, 8;
    %store/vec4 v0x1230937b0_0, 0, 8;
    %jmp T_2.37;
T_2.36 ;
    %load/vec4 v0x123093860_0;
    %cmpi/u 21, 0, 64;
    %flag_or 5, 4; GT is !LE
    %flag_inv 5;
    %flag_get/vec4 5;
    %jmp/0 T_2.41, 5;
    %load/vec4 v0x123093860_0;
    %cmpi/u 23, 0, 64;
    %flag_get/vec4 4;
    %flag_get/vec4 5;
    %or;
    %and;
T_2.41;
    %flag_set/vec4 8;
    %jmp/0xz  T_2.39, 8;
    %pushi/vec4 12, 0, 8;
    %store/vec4 v0x1230937b0_0, 0, 8;
    %jmp T_2.40;
T_2.39 ;
    %load/vec4 v0x123093860_0;
    %cmpi/u 23, 0, 64;
    %flag_or 5, 4; GT is !LE
    %flag_inv 5;
    %flag_get/vec4 5;
    %jmp/0 T_2.44, 5;
    %load/vec4 v0x123093860_0;
    %cmpi/u 25, 0, 64;
    %flag_get/vec4 4;
    %flag_get/vec4 5;
    %or;
    %and;
T_2.44;
    %flag_set/vec4 8;
    %jmp/0xz  T_2.42, 8;
    %pushi/vec4 13, 0, 8;
    %store/vec4 v0x1230937b0_0, 0, 8;
    %jmp T_2.43;
T_2.42 ;
    %load/vec4 v0x123093860_0;
    %cmpi/u 25, 0, 64;
    %flag_or 5, 4; GT is !LE
    %flag_inv 5;
    %flag_get/vec4 5;
    %jmp/0 T_2.47, 5;
    %load/vec4 v0x123093860_0;
    %cmpi/u 27, 0, 64;
    %flag_get/vec4 4;
    %flag_get/vec4 5;
    %or;
    %and;
T_2.47;
    %flag_set/vec4 8;
    %jmp/0xz  T_2.45, 8;
    %pushi/vec4 14, 0, 8;
    %store/vec4 v0x1230937b0_0, 0, 8;
    %jmp T_2.46;
T_2.45 ;
    %load/vec4 v0x123093860_0;
    %cmpi/u 27, 0, 64;
    %flag_or 5, 4; GT is !LE
    %flag_inv 5;
    %flag_get/vec4 5;
    %jmp/0 T_2.50, 5;
    %load/vec4 v0x123093860_0;
    %cmpi/u 29, 0, 64;
    %flag_get/vec4 4;
    %flag_get/vec4 5;
    %or;
    %and;
T_2.50;
    %flag_set/vec4 8;
    %jmp/0xz  T_2.48, 8;
    %pushi/vec4 15, 0, 8;
    %store/vec4 v0x1230937b0_0, 0, 8;
    %jmp T_2.49;
T_2.48 ;
    %load/vec4 v0x123093860_0;
    %cmpi/u 29, 0, 64;
    %flag_or 5, 4; GT is !LE
    %flag_inv 5;
    %flag_get/vec4 5;
    %jmp/0 T_2.53, 5;
    %load/vec4 v0x123093860_0;
    %cmpi/u 31, 0, 64;
    %flag_get/vec4 4;
    %flag_get/vec4 5;
    %or;
    %and;
T_2.53;
    %flag_set/vec4 8;
    %jmp/0xz  T_2.51, 8;
    %pushi/vec4 16, 0, 8;
    %store/vec4 v0x1230937b0_0, 0, 8;
    %jmp T_2.52;
T_2.51 ;
    %load/vec4 v0x123093860_0;
    %cmpi/u 31, 0, 64;
    %flag_or 5, 4; GT is !LE
    %flag_inv 5;
    %flag_get/vec4 5;
    %jmp/0 T_2.56, 5;
    %load/vec4 v0x123093860_0;
    %cmpi/u 32, 0, 64;
    %flag_get/vec4 4;
    %flag_get/vec4 5;
    %or;
    %and;
T_2.56;
    %flag_set/vec4 8;
    %jmp/0xz  T_2.54, 8;
    %pushi/vec4 17, 0, 8;
    %store/vec4 v0x1230937b0_0, 0, 8;
    %jmp T_2.55;
T_2.54 ;
    %load/vec4 v0x123093860_0;
    %cmpi/u 32, 0, 64;
    %flag_or 5, 4; GT is !LE
    %flag_inv 5;
    %flag_get/vec4 5;
    %jmp/0 T_2.59, 5;
    %load/vec4 v0x123093860_0;
    %cmpi/u 34, 0, 64;
    %flag_get/vec4 4;
    %flag_get/vec4 5;
    %or;
    %and;
T_2.59;
    %flag_set/vec4 8;
    %jmp/0xz  T_2.57, 8;
    %pushi/vec4 18, 0, 8;
    %store/vec4 v0x1230937b0_0, 0, 8;
    %jmp T_2.58;
T_2.57 ;
    %load/vec4 v0x123093860_0;
    %cmpi/u 34, 0, 64;
    %flag_or 5, 4; GT is !LE
    %flag_inv 5;
    %flag_get/vec4 5;
    %jmp/0 T_2.62, 5;
    %load/vec4 v0x123093860_0;
    %cmpi/u 36, 0, 64;
    %flag_get/vec4 4;
    %flag_get/vec4 5;
    %or;
    %and;
T_2.62;
    %flag_set/vec4 8;
    %jmp/0xz  T_2.60, 8;
    %pushi/vec4 19, 0, 8;
    %store/vec4 v0x1230937b0_0, 0, 8;
    %jmp T_2.61;
T_2.60 ;
    %load/vec4 v0x123093860_0;
    %cmpi/u 36, 0, 64;
    %flag_or 5, 4; GT is !LE
    %flag_inv 5;
    %flag_get/vec4 5;
    %jmp/0 T_2.65, 5;
    %load/vec4 v0x123093860_0;
    %cmpi/u 38, 0, 64;
    %flag_get/vec4 4;
    %flag_get/vec4 5;
    %or;
    %and;
T_2.65;
    %flag_set/vec4 8;
    %jmp/0xz  T_2.63, 8;
    %pushi/vec4 20, 0, 8;
    %store/vec4 v0x1230937b0_0, 0, 8;
    %jmp T_2.64;
T_2.63 ;
    %load/vec4 v0x123093860_0;
    %cmpi/u 38, 0, 64;
    %flag_or 5, 4; GT is !LE
    %flag_inv 5;
    %flag_get/vec4 5;
    %jmp/0 T_2.68, 5;
    %load/vec4 v0x123093860_0;
    %cmpi/u 40, 0, 64;
    %flag_get/vec4 4;
    %flag_get/vec4 5;
    %or;
    %and;
T_2.68;
    %flag_set/vec4 8;
    %jmp/0xz  T_2.66, 8;
    %pushi/vec4 21, 0, 8;
    %store/vec4 v0x1230937b0_0, 0, 8;
    %jmp T_2.67;
T_2.66 ;
    %load/vec4 v0x123093860_0;
    %cmpi/u 40, 0, 64;
    %flag_or 5, 4; GT is !LE
    %flag_inv 5;
    %flag_get/vec4 5;
    %jmp/0 T_2.71, 5;
    %load/vec4 v0x123093860_0;
    %cmpi/u 42, 0, 64;
    %flag_get/vec4 4;
    %flag_get/vec4 5;
    %or;
    %and;
T_2.71;
    %flag_set/vec4 8;
    %jmp/0xz  T_2.69, 8;
    %pushi/vec4 22, 0, 8;
    %store/vec4 v0x1230937b0_0, 0, 8;
    %jmp T_2.70;
T_2.69 ;
    %load/vec4 v0x123093860_0;
    %cmpi/u 42, 0, 64;
    %flag_or 5, 4; GT is !LE
    %flag_inv 5;
    %flag_get/vec4 5;
    %jmp/0 T_2.74, 5;
    %load/vec4 v0x123093860_0;
    %cmpi/u 45, 0, 64;
    %flag_get/vec4 4;
    %flag_get/vec4 5;
    %or;
    %and;
T_2.74;
    %flag_set/vec4 8;
    %jmp/0xz  T_2.72, 8;
    %pushi/vec4 23, 0, 8;
    %store/vec4 v0x1230937b0_0, 0, 8;
    %jmp T_2.73;
T_2.72 ;
    %load/vec4 v0x123093860_0;
    %cmpi/u 45, 0, 64;
    %flag_or 5, 4; GT is !LE
    %flag_inv 5;
    %flag_get/vec4 5;
    %jmp/0 T_2.77, 5;
    %load/vec4 v0x123093860_0;
    %cmpi/u 47, 0, 64;
    %flag_get/vec4 4;
    %flag_get/vec4 5;
    %or;
    %and;
T_2.77;
    %flag_set/vec4 8;
    %jmp/0xz  T_2.75, 8;
    %pushi/vec4 24, 0, 8;
    %store/vec4 v0x1230937b0_0, 0, 8;
    %jmp T_2.76;
T_2.75 ;
    %load/vec4 v0x123093860_0;
    %cmpi/u 47, 0, 64;
    %flag_or 5, 4; GT is !LE
    %flag_inv 5;
    %flag_get/vec4 5;
    %jmp/0 T_2.80, 5;
    %load/vec4 v0x123093860_0;
    %cmpi/u 49, 0, 64;
    %flag_get/vec4 4;
    %flag_get/vec4 5;
    %or;
    %and;
T_2.80;
    %flag_set/vec4 8;
    %jmp/0xz  T_2.78, 8;
    %pushi/vec4 25, 0, 8;
    %store/vec4 v0x1230937b0_0, 0, 8;
    %jmp T_2.79;
T_2.78 ;
    %load/vec4 v0x123093860_0;
    %cmpi/u 49, 0, 64;
    %flag_or 5, 4; GT is !LE
    %flag_inv 5;
    %flag_get/vec4 5;
    %jmp/0 T_2.83, 5;
    %load/vec4 v0x123093860_0;
    %cmpi/u 51, 0, 64;
    %flag_get/vec4 4;
    %flag_get/vec4 5;
    %or;
    %and;
T_2.83;
    %flag_set/vec4 8;
    %jmp/0xz  T_2.81, 8;
    %pushi/vec4 26, 0, 8;
    %store/vec4 v0x1230937b0_0, 0, 8;
    %jmp T_2.82;
T_2.81 ;
    %load/vec4 v0x123093860_0;
    %cmpi/u 51, 0, 64;
    %flag_or 5, 4; GT is !LE
    %flag_inv 5;
    %flag_get/vec4 5;
    %jmp/0 T_2.86, 5;
    %load/vec4 v0x123093860_0;
    %cmpi/u 53, 0, 64;
    %flag_get/vec4 4;
    %flag_get/vec4 5;
    %or;
    %and;
T_2.86;
    %flag_set/vec4 8;
    %jmp/0xz  T_2.84, 8;
    %pushi/vec4 27, 0, 8;
    %store/vec4 v0x1230937b0_0, 0, 8;
    %jmp T_2.85;
T_2.84 ;
    %load/vec4 v0x123093860_0;
    %cmpi/u 53, 0, 64;
    %flag_or 5, 4; GT is !LE
    %flag_inv 5;
    %flag_get/vec4 5;
    %jmp/0 T_2.89, 5;
    %load/vec4 v0x123093860_0;
    %cmpi/u 55, 0, 64;
    %flag_get/vec4 4;
    %flag_get/vec4 5;
    %or;
    %and;
T_2.89;
    %flag_set/vec4 8;
    %jmp/0xz  T_2.87, 8;
    %pushi/vec4 28, 0, 8;
    %store/vec4 v0x1230937b0_0, 0, 8;
    %jmp T_2.88;
T_2.87 ;
    %load/vec4 v0x123093860_0;
    %cmpi/u 55, 0, 64;
    %flag_or 5, 4; GT is !LE
    %flag_inv 5;
    %flag_get/vec4 5;
    %jmp/0 T_2.92, 5;
    %load/vec4 v0x123093860_0;
    %cmpi/u 58, 0, 64;
    %flag_get/vec4 4;
    %flag_get/vec4 5;
    %or;
    %and;
T_2.92;
    %flag_set/vec4 8;
    %jmp/0xz  T_2.90, 8;
    %pushi/vec4 29, 0, 8;
    %store/vec4 v0x1230937b0_0, 0, 8;
    %jmp T_2.91;
T_2.90 ;
    %load/vec4 v0x123093860_0;
    %cmpi/u 58, 0, 64;
    %flag_or 5, 4; GT is !LE
    %flag_inv 5;
    %flag_get/vec4 5;
    %jmp/0 T_2.95, 5;
    %load/vec4 v0x123093860_0;
    %cmpi/u 60, 0, 64;
    %flag_get/vec4 4;
    %flag_get/vec4 5;
    %or;
    %and;
T_2.95;
    %flag_set/vec4 8;
    %jmp/0xz  T_2.93, 8;
    %pushi/vec4 30, 0, 8;
    %store/vec4 v0x1230937b0_0, 0, 8;
    %jmp T_2.94;
T_2.93 ;
    %load/vec4 v0x123093860_0;
    %cmpi/u 60, 0, 64;
    %flag_or 5, 4; GT is !LE
    %flag_inv 5;
    %flag_get/vec4 5;
    %jmp/0 T_2.98, 5;
    %load/vec4 v0x123093860_0;
    %cmpi/u 62, 0, 64;
    %flag_get/vec4 4;
    %flag_get/vec4 5;
    %or;
    %and;
T_2.98;
    %flag_set/vec4 8;
    %jmp/0xz  T_2.96, 8;
    %pushi/vec4 31, 0, 8;
    %store/vec4 v0x1230937b0_0, 0, 8;
    %jmp T_2.97;
T_2.96 ;
    %load/vec4 v0x123093860_0;
    %cmpi/u 62, 0, 64;
    %flag_or 5, 4; GT is !LE
    %flag_inv 5;
    %flag_get/vec4 5;
    %jmp/0 T_2.101, 5;
    %load/vec4 v0x123093860_0;
    %cmpi/u 65, 0, 64;
    %flag_get/vec4 4;
    %flag_get/vec4 5;
    %or;
    %and;
T_2.101;
    %flag_set/vec4 8;
    %jmp/0xz  T_2.99, 8;
    %pushi/vec4 32, 0, 8;
    %store/vec4 v0x1230937b0_0, 0, 8;
    %jmp T_2.100;
T_2.99 ;
    %load/vec4 v0x123093860_0;
    %cmpi/u 65, 0, 64;
    %flag_or 5, 4; GT is !LE
    %flag_inv 5;
    %flag_get/vec4 5;
    %jmp/0 T_2.104, 5;
    %load/vec4 v0x123093860_0;
    %cmpi/u 67, 0, 64;
    %flag_get/vec4 4;
    %flag_get/vec4 5;
    %or;
    %and;
T_2.104;
    %flag_set/vec4 8;
    %jmp/0xz  T_2.102, 8;
    %pushi/vec4 33, 0, 8;
    %store/vec4 v0x1230937b0_0, 0, 8;
    %jmp T_2.103;
T_2.102 ;
    %load/vec4 v0x123093860_0;
    %cmpi/u 67, 0, 64;
    %flag_or 5, 4; GT is !LE
    %flag_inv 5;
    %flag_get/vec4 5;
    %jmp/0 T_2.107, 5;
    %load/vec4 v0x123093860_0;
    %cmpi/u 70, 0, 64;
    %flag_get/vec4 4;
    %flag_get/vec4 5;
    %or;
    %and;
T_2.107;
    %flag_set/vec4 8;
    %jmp/0xz  T_2.105, 8;
    %pushi/vec4 34, 0, 8;
    %store/vec4 v0x1230937b0_0, 0, 8;
    %jmp T_2.106;
T_2.105 ;
    %load/vec4 v0x123093860_0;
    %cmpi/u 70, 0, 64;
    %flag_or 5, 4; GT is !LE
    %flag_inv 5;
    %flag_get/vec4 5;
    %jmp/0 T_2.110, 5;
    %load/vec4 v0x123093860_0;
    %cmpi/u 73, 0, 64;
    %flag_get/vec4 4;
    %flag_get/vec4 5;
    %or;
    %and;
T_2.110;
    %flag_set/vec4 8;
    %jmp/0xz  T_2.108, 8;
    %pushi/vec4 35, 0, 8;
    %store/vec4 v0x1230937b0_0, 0, 8;
    %jmp T_2.109;
T_2.108 ;
    %load/vec4 v0x123093860_0;
    %cmpi/u 73, 0, 64;
    %flag_or 5, 4; GT is !LE
    %flag_inv 5;
    %flag_get/vec4 5;
    %jmp/0 T_2.113, 5;
    %load/vec4 v0x123093860_0;
    %cmpi/u 75, 0, 64;
    %flag_get/vec4 4;
    %flag_get/vec4 5;
    %or;
    %and;
T_2.113;
    %flag_set/vec4 8;
    %jmp/0xz  T_2.111, 8;
    %pushi/vec4 36, 0, 8;
    %store/vec4 v0x1230937b0_0, 0, 8;
    %jmp T_2.112;
T_2.111 ;
    %load/vec4 v0x123093860_0;
    %cmpi/u 75, 0, 64;
    %flag_or 5, 4; GT is !LE
    %flag_inv 5;
    %flag_get/vec4 5;
    %jmp/0 T_2.116, 5;
    %load/vec4 v0x123093860_0;
    %cmpi/u 78, 0, 64;
    %flag_get/vec4 4;
    %flag_get/vec4 5;
    %or;
    %and;
T_2.116;
    %flag_set/vec4 8;
    %jmp/0xz  T_2.114, 8;
    %pushi/vec4 37, 0, 8;
    %store/vec4 v0x1230937b0_0, 0, 8;
    %jmp T_2.115;
T_2.114 ;
    %load/vec4 v0x123093860_0;
    %cmpi/u 78, 0, 64;
    %flag_or 5, 4; GT is !LE
    %flag_inv 5;
    %flag_get/vec4 5;
    %jmp/0 T_2.119, 5;
    %load/vec4 v0x123093860_0;
    %cmpi/u 81, 0, 64;
    %flag_get/vec4 4;
    %flag_get/vec4 5;
    %or;
    %and;
T_2.119;
    %flag_set/vec4 8;
    %jmp/0xz  T_2.117, 8;
    %pushi/vec4 38, 0, 8;
    %store/vec4 v0x1230937b0_0, 0, 8;
    %jmp T_2.118;
T_2.117 ;
    %load/vec4 v0x123093860_0;
    %cmpi/u 81, 0, 64;
    %flag_or 5, 4; GT is !LE
    %flag_inv 5;
    %flag_get/vec4 5;
    %jmp/0 T_2.122, 5;
    %load/vec4 v0x123093860_0;
    %cmpi/u 84, 0, 64;
    %flag_get/vec4 4;
    %flag_get/vec4 5;
    %or;
    %and;
T_2.122;
    %flag_set/vec4 8;
    %jmp/0xz  T_2.120, 8;
    %pushi/vec4 39, 0, 8;
    %store/vec4 v0x1230937b0_0, 0, 8;
    %jmp T_2.121;
T_2.120 ;
    %load/vec4 v0x123093860_0;
    %cmpi/u 84, 0, 64;
    %flag_or 5, 4; GT is !LE
    %flag_inv 5;
    %flag_get/vec4 5;
    %jmp/0 T_2.125, 5;
    %load/vec4 v0x123093860_0;
    %cmpi/u 87, 0, 64;
    %flag_get/vec4 4;
    %flag_get/vec4 5;
    %or;
    %and;
T_2.125;
    %flag_set/vec4 8;
    %jmp/0xz  T_2.123, 8;
    %pushi/vec4 40, 0, 8;
    %store/vec4 v0x1230937b0_0, 0, 8;
    %jmp T_2.124;
T_2.123 ;
    %load/vec4 v0x123093860_0;
    %cmpi/u 87, 0, 64;
    %flag_or 5, 4; GT is !LE
    %flag_inv 5;
    %flag_get/vec4 5;
    %jmp/0 T_2.128, 5;
    %load/vec4 v0x123093860_0;
    %cmpi/u 90, 0, 64;
    %flag_get/vec4 4;
    %flag_get/vec4 5;
    %or;
    %and;
T_2.128;
    %flag_set/vec4 8;
    %jmp/0xz  T_2.126, 8;
    %pushi/vec4 41, 0, 8;
    %store/vec4 v0x1230937b0_0, 0, 8;
    %jmp T_2.127;
T_2.126 ;
    %load/vec4 v0x123093860_0;
    %cmpi/u 90, 0, 64;
    %flag_or 5, 4; GT is !LE
    %flag_inv 5;
    %flag_get/vec4 5;
    %jmp/0 T_2.131, 5;
    %load/vec4 v0x123093860_0;
    %cmpi/u 93, 0, 64;
    %flag_get/vec4 4;
    %flag_get/vec4 5;
    %or;
    %and;
T_2.131;
    %flag_set/vec4 8;
    %jmp/0xz  T_2.129, 8;
    %pushi/vec4 42, 0, 8;
    %store/vec4 v0x1230937b0_0, 0, 8;
    %jmp T_2.130;
T_2.129 ;
    %load/vec4 v0x123093860_0;
    %cmpi/u 93, 0, 64;
    %flag_or 5, 4; GT is !LE
    %flag_inv 5;
    %flag_get/vec4 5;
    %jmp/0 T_2.134, 5;
    %load/vec4 v0x123093860_0;
    %cmpi/u 97, 0, 64;
    %flag_get/vec4 4;
    %flag_get/vec4 5;
    %or;
    %and;
T_2.134;
    %flag_set/vec4 8;
    %jmp/0xz  T_2.132, 8;
    %pushi/vec4 43, 0, 8;
    %store/vec4 v0x1230937b0_0, 0, 8;
    %jmp T_2.133;
T_2.132 ;
    %load/vec4 v0x123093860_0;
    %cmpi/u 97, 0, 64;
    %flag_or 5, 4; GT is !LE
    %flag_inv 5;
    %flag_get/vec4 5;
    %jmp/0 T_2.137, 5;
    %load/vec4 v0x123093860_0;
    %cmpi/u 100, 0, 64;
    %flag_get/vec4 4;
    %flag_get/vec4 5;
    %or;
    %and;
T_2.137;
    %flag_set/vec4 8;
    %jmp/0xz  T_2.135, 8;
    %pushi/vec4 44, 0, 8;
    %store/vec4 v0x1230937b0_0, 0, 8;
    %jmp T_2.136;
T_2.135 ;
    %pushi/vec4 0, 0, 8;
    %store/vec4 v0x1230937b0_0, 0, 8;
T_2.136 ;
T_2.133 ;
T_2.130 ;
T_2.127 ;
T_2.124 ;
T_2.121 ;
T_2.118 ;
T_2.115 ;
T_2.112 ;
T_2.109 ;
T_2.106 ;
T_2.103 ;
T_2.100 ;
T_2.97 ;
T_2.94 ;
T_2.91 ;
T_2.88 ;
T_2.85 ;
T_2.82 ;
T_2.79 ;
T_2.76 ;
T_2.73 ;
T_2.70 ;
T_2.67 ;
T_2.64 ;
T_2.61 ;
T_2.58 ;
T_2.55 ;
T_2.52 ;
T_2.49 ;
T_2.46 ;
T_2.43 ;
T_2.40 ;
T_2.37 ;
T_2.34 ;
T_2.31 ;
T_2.28 ;
T_2.25 ;
T_2.22 ;
T_2.19 ;
T_2.16 ;
T_2.13 ;
T_2.10 ;
T_2.7 ;
T_2.4 ;
T_2.1 ;
    %jmp T_2;
    .thread T_2, $push;
    .scope S_0x1230920c0;
T_3 ;
    %wait E_0x1230929e0;
    %load/vec4 v0x123094520_0;
    %flag_set/vec4 8;
    %jmp/0xz  T_3.0, 8;
    %pushi/vec4 0, 0, 64;
    %assign/vec4 v0x123094910_0, 0;
    %pushi/vec4 0, 0, 64;
    %assign/vec4 v0x123094af0_0, 0;
    %pushi/vec4 0, 0, 1;
    %assign/vec4 v0x123094880_0, 0;
    %pushi/vec4 0, 0, 9;
    %assign/vec4 v0x123094760_0, 0;
    %pushi/vec4 0, 0, 9;
    %assign/vec4 v0x123093d00_0, 0;
    %jmp T_3.1;
T_3.0 ;
    %load/vec4 v0x1230946d0_0;
    %dup/vec4;
    %pushi/vec4 0, 0, 32;
    %cmp/u;
    %jmp/1 T_3.2, 6;
    %dup/vec4;
    %pushi/vec4 1, 0, 32;
    %cmp/u;
    %jmp/1 T_3.3, 6;
    %dup/vec4;
    %pushi/vec4 2, 0, 32;
    %cmp/u;
    %jmp/1 T_3.4, 6;
    %dup/vec4;
    %pushi/vec4 3, 0, 32;
    %cmp/u;
    %jmp/1 T_3.5, 6;
    %dup/vec4;
    %pushi/vec4 4, 0, 32;
    %cmp/u;
    %jmp/1 T_3.6, 6;
    %dup/vec4;
    %pushi/vec4 5, 0, 32;
    %cmp/u;
    %jmp/1 T_3.7, 6;
    %jmp T_3.8;
T_3.2 ;
    %pushi/vec4 0, 0, 1;
    %assign/vec4 v0x123094880_0, 0;
    %load/vec4 v0x123093e70_0;
    %flag_set/vec4 8;
    %jmp/0xz  T_3.9, 8;
    %pushi/vec4 1, 0, 32;
    %assign/vec4 v0x1230946d0_0, 0;
    %jmp T_3.10;
T_3.9 ;
    %pushi/vec4 0, 0, 32;
    %assign/vec4 v0x1230946d0_0, 0;
T_3.10 ;
    %jmp T_3.8;
T_3.3 ;
    %load/vec4 v0x123094a40_0;
    %load/vec4 v0x1230949a0_0;
    %cmp/e;
    %flag_get/vec4 4;
    %jmp/0 T_3.13, 4;
    %load/vec4 v0x123094c50_0;
    %load/vec4 v0x123094ba0_0;
    %cmp/e;
    %flag_get/vec4 4;
    %and;
T_3.13;
    %flag_set/vec4 8;
    %jmp/0xz  T_3.11, 8;
    %pushi/vec4 0, 0, 9;
    %assign/vec4 v0x123094760_0, 0;
    %pushi/vec4 0, 0, 9;
    %assign/vec4 v0x123093d00_0, 0;
    %pushi/vec4 5, 0, 32;
    %assign/vec4 v0x1230946d0_0, 0;
    %jmp T_3.12;
T_3.11 ;
    %load/vec4 v0x1230949a0_0;
    %load/vec4 v0x123094a40_0;
    %cmp/u;
    %flag_get/vec4 5;
    %jmp/0 T_3.16, 5;
    %load/vec4 v0x123094c50_0;
    %load/vec4 v0x123094ba0_0;
    %cmp/e;
    %flag_get/vec4 4;
    %and;
T_3.16;
    %flag_set/vec4 8;
    %jmp/0xz  T_3.14, 8;
    %pushi/vec4 0, 0, 9;
    %assign/vec4 v0x123094760_0, 0;
    %pushi/vec4 0, 0, 9;
    %assign/vec4 v0x123093d00_0, 0;
    %pushi/vec4 5, 0, 32;
    %assign/vec4 v0x1230946d0_0, 0;
    %jmp T_3.15;
T_3.14 ;
    %load/vec4 v0x123094a40_0;
    %load/vec4 v0x1230949a0_0;
    %cmp/u;
    %flag_get/vec4 5;
    %jmp/0 T_3.19, 5;
    %load/vec4 v0x123094c50_0;
    %load/vec4 v0x123094ba0_0;
    %cmp/e;
    %flag_get/vec4 4;
    %and;
T_3.19;
    %flag_set/vec4 8;
    %jmp/0xz  T_3.17, 8;
    %pushi/vec4 180, 0, 9;
    %assign/vec4 v0x123094760_0, 0;
    %pushi/vec4 180, 0, 9;
    %assign/vec4 v0x123093d00_0, 0;
    %pushi/vec4 5, 0, 32;
    %assign/vec4 v0x1230946d0_0, 0;
    %jmp T_3.18;
T_3.17 ;
    %load/vec4 v0x123094a40_0;
    %load/vec4 v0x1230949a0_0;
    %cmp/e;
    %flag_get/vec4 4;
    %jmp/0 T_3.22, 4;
    %load/vec4 v0x123094ba0_0;
    %load/vec4 v0x123094c50_0;
    %cmp/u;
    %flag_get/vec4 5;
    %and;
T_3.22;
    %flag_set/vec4 8;
    %jmp/0xz  T_3.20, 8;
    %pushi/vec4 90, 0, 9;
    %assign/vec4 v0x123094760_0, 0;
    %pushi/vec4 90, 0, 9;
    %assign/vec4 v0x123093d00_0, 0;
    %pushi/vec4 5, 0, 32;
    %assign/vec4 v0x1230946d0_0, 0;
    %jmp T_3.21;
T_3.20 ;
    %load/vec4 v0x123094a40_0;
    %load/vec4 v0x1230949a0_0;
    %cmp/e;
    %flag_get/vec4 4;
    %jmp/0 T_3.25, 4;
    %load/vec4 v0x123094c50_0;
    %load/vec4 v0x123094ba0_0;
    %cmp/u;
    %flag_get/vec4 5;
    %and;
T_3.25;
    %flag_set/vec4 8;
    %jmp/0xz  T_3.23, 8;
    %pushi/vec4 270, 0, 9;
    %assign/vec4 v0x123094760_0, 0;
    %pushi/vec4 270, 0, 9;
    %assign/vec4 v0x123093d00_0, 0;
    %pushi/vec4 5, 0, 32;
    %assign/vec4 v0x1230946d0_0, 0;
    %jmp T_3.24;
T_3.23 ;
    %load/vec4 v0x1230949a0_0;
    %load/vec4 v0x123094a40_0;
    %cmp/u;
    %flag_get/vec4 5;
    %jmp/0 T_3.28, 5;
    %load/vec4 v0x123094ba0_0;
    %load/vec4 v0x123094c50_0;
    %cmp/u;
    %flag_get/vec4 5;
    %and;
T_3.28;
    %flag_set/vec4 8;
    %jmp/0xz  T_3.26, 8;
    %pushi/vec4 0, 0, 2;
    %assign/vec4 v0x123094490_0, 0;
    %load/vec4 v0x123094a40_0;
    %pad/u 64;
    %load/vec4 v0x1230949a0_0;
    %pad/u 64;
    %sub;
    %assign/vec4 v0x123094910_0, 0;
    %load/vec4 v0x123094c50_0;
    %pad/u 64;
    %load/vec4 v0x123094ba0_0;
    %pad/u 64;
    %sub;
    %assign/vec4 v0x123094af0_0, 0;
    %jmp T_3.27;
T_3.26 ;
    %load/vec4 v0x123094a40_0;
    %load/vec4 v0x1230949a0_0;
    %cmp/u;
    %flag_get/vec4 5;
    %jmp/0 T_3.31, 5;
    %load/vec4 v0x123094ba0_0;
    %load/vec4 v0x123094c50_0;
    %cmp/u;
    %flag_get/vec4 5;
    %and;
T_3.31;
    %flag_set/vec4 8;
    %jmp/0xz  T_3.29, 8;
    %pushi/vec4 1, 0, 2;
    %assign/vec4 v0x123094490_0, 0;
    %load/vec4 v0x1230949a0_0;
    %pad/u 64;
    %load/vec4 v0x123094a40_0;
    %pad/u 64;
    %sub;
    %assign/vec4 v0x123094af0_0, 0;
    %load/vec4 v0x123094c50_0;
    %pad/u 64;
    %load/vec4 v0x123094ba0_0;
    %pad/u 64;
    %sub;
    %assign/vec4 v0x123094910_0, 0;
    %jmp T_3.30;
T_3.29 ;
    %load/vec4 v0x123094a40_0;
    %load/vec4 v0x1230949a0_0;
    %cmp/u;
    %flag_get/vec4 5;
    %jmp/0 T_3.34, 5;
    %load/vec4 v0x123094c50_0;
    %load/vec4 v0x123094ba0_0;
    %cmp/u;
    %flag_get/vec4 5;
    %and;
T_3.34;
    %flag_set/vec4 8;
    %jmp/0xz  T_3.32, 8;
    %pushi/vec4 2, 0, 2;
    %assign/vec4 v0x123094490_0, 0;
    %load/vec4 v0x1230949a0_0;
    %pad/u 64;
    %load/vec4 v0x123094a40_0;
    %pad/u 64;
    %sub;
    %assign/vec4 v0x123094910_0, 0;
    %load/vec4 v0x123094ba0_0;
    %pad/u 64;
    %load/vec4 v0x123094c50_0;
    %pad/u 64;
    %sub;
    %assign/vec4 v0x123094af0_0, 0;
    %jmp T_3.33;
T_3.32 ;
    %pushi/vec4 3, 0, 2;
    %assign/vec4 v0x123094490_0, 0;
    %load/vec4 v0x123094a40_0;
    %pad/u 64;
    %load/vec4 v0x1230949a0_0;
    %pad/u 64;
    %sub;
    %assign/vec4 v0x123094af0_0, 0;
    %load/vec4 v0x123094ba0_0;
    %pad/u 64;
    %load/vec4 v0x123094c50_0;
    %pad/u 64;
    %sub;
    %assign/vec4 v0x123094910_0, 0;
T_3.33 ;
T_3.30 ;
T_3.27 ;
T_3.24 ;
T_3.21 ;
T_3.18 ;
T_3.15 ;
T_3.12 ;
    %pushi/vec4 2, 0, 32;
    %assign/vec4 v0x1230946d0_0, 0;
    %jmp T_3.8;
T_3.4 ;
    %load/vec4 v0x123094af0_0;
    %load/vec4 v0x123094910_0;
    %cmp/u;
    %jmp/0xz  T_3.35, 5;
    %load/vec4 v0x123094af0_0;
    %muli 100, 0, 64;
    %assign/vec4 v0x1230943e0_0, 0;
    %load/vec4 v0x123094910_0;
    %assign/vec4 v0x123093b80_0, 0;
    %jmp T_3.36;
T_3.35 ;
    %load/vec4 v0x123094910_0;
    %muli 100, 0, 64;
    %assign/vec4 v0x1230943e0_0, 0;
    %load/vec4 v0x123094af0_0;
    %assign/vec4 v0x123093b80_0, 0;
T_3.36 ;
    %pushi/vec4 1, 0, 1;
    %assign/vec4 v0x123094160_0, 0;
    %pushi/vec4 3, 0, 32;
    %assign/vec4 v0x1230946d0_0, 0;
    %jmp T_3.8;
T_3.5 ;
    %pushi/vec4 0, 0, 1;
    %assign/vec4 v0x123094160_0, 0;
    %load/vec4 v0x123093f10_0;
    %flag_set/vec4 8;
    %jmp/0xz  T_3.37, 8;
    %pushi/vec4 3, 0, 32;
    %assign/vec4 v0x1230946d0_0, 0;
    %jmp T_3.38;
T_3.37 ;
    %load/vec4 v0x123093fa0_0;
    %flag_set/vec4 8;
    %jmp/0xz  T_3.39, 8;
    %pushi/vec4 0, 0, 32;
    %assign/vec4 v0x1230946d0_0, 0;
    %jmp T_3.40;
T_3.39 ;
    %load/vec4 v0x1230941f0_0;
    %flag_set/vec4 8;
    %jmp/0xz  T_3.41, 8;
    %load/vec4 v0x1230940d0_0;
    %assign/vec4 v0x123094330_0, 0;
    %pushi/vec4 4, 0, 32;
    %assign/vec4 v0x1230946d0_0, 0;
T_3.41 ;
T_3.40 ;
T_3.38 ;
    %jmp T_3.8;
T_3.6 ;
    %load/vec4 v0x123094490_0;
    %dup/vec4;
    %pushi/vec4 0, 0, 2;
    %cmp/u;
    %jmp/1 T_3.43, 6;
    %dup/vec4;
    %pushi/vec4 1, 0, 2;
    %cmp/u;
    %jmp/1 T_3.44, 6;
    %dup/vec4;
    %pushi/vec4 2, 0, 2;
    %cmp/u;
    %jmp/1 T_3.45, 6;
    %dup/vec4;
    %pushi/vec4 3, 0, 2;
    %cmp/u;
    %jmp/1 T_3.46, 6;
    %jmp T_3.47;
T_3.43 ;
    %load/vec4 v0x123094af0_0;
    %load/vec4 v0x123094910_0;
    %cmp/u;
    %jmp/0xz  T_3.48, 5;
    %load/vec4 v0x1230947f0_0;
    %assign/vec4 v0x123094760_0, 0;
    %load/vec4 v0x123093dd0_0;
    %assign/vec4 v0x123093d00_0, 0;
    %jmp T_3.49;
T_3.48 ;
    %pushi/vec4 90, 0, 64;
    %load/vec4 v0x1230947f0_0;
    %pad/u 64;
    %sub;
    %pad/u 9;
    %assign/vec4 v0x123094760_0, 0;
    %pushi/vec4 90, 0, 64;
    %load/vec4 v0x123093dd0_0;
    %pad/u 64;
    %sub;
    %pad/u 9;
    %assign/vec4 v0x123093d00_0, 0;
T_3.49 ;
    %jmp T_3.47;
T_3.44 ;
    %load/vec4 v0x123094af0_0;
    %load/vec4 v0x123094910_0;
    %cmp/u;
    %jmp/0xz  T_3.50, 5;
    %pushi/vec4 90, 0, 64;
    %load/vec4 v0x1230947f0_0;
    %pad/u 64;
    %add;
    %pad/u 9;
    %assign/vec4 v0x123094760_0, 0;
    %pushi/vec4 90, 0, 64;
    %load/vec4 v0x123093dd0_0;
    %pad/u 64;
    %add;
    %pad/u 9;
    %assign/vec4 v0x123093d00_0, 0;
    %jmp T_3.51;
T_3.50 ;
    %pushi/vec4 180, 0, 64;
    %load/vec4 v0x1230947f0_0;
    %pad/u 64;
    %sub;
    %pad/u 9;
    %assign/vec4 v0x123094760_0, 0;
    %pushi/vec4 180, 0, 64;
    %load/vec4 v0x123093dd0_0;
    %pad/u 64;
    %sub;
    %pad/u 9;
    %assign/vec4 v0x123093d00_0, 0;
T_3.51 ;
    %jmp T_3.47;
T_3.45 ;
    %load/vec4 v0x123094af0_0;
    %load/vec4 v0x123094910_0;
    %cmp/u;
    %jmp/0xz  T_3.52, 5;
    %pushi/vec4 180, 0, 64;
    %load/vec4 v0x1230947f0_0;
    %pad/u 64;
    %add;
    %pad/u 9;
    %assign/vec4 v0x123094760_0, 0;
    %pushi/vec4 180, 0, 64;
    %load/vec4 v0x123093dd0_0;
    %pad/u 64;
    %add;
    %pad/u 9;
    %assign/vec4 v0x123093d00_0, 0;
    %jmp T_3.53;
T_3.52 ;
    %pushi/vec4 270, 0, 64;
    %load/vec4 v0x1230947f0_0;
    %pad/u 64;
    %sub;
    %pad/u 9;
    %assign/vec4 v0x123094760_0, 0;
    %pushi/vec4 270, 0, 64;
    %load/vec4 v0x123093dd0_0;
    %pad/u 64;
    %sub;
    %pad/u 9;
    %assign/vec4 v0x123093d00_0, 0;
T_3.53 ;
    %jmp T_3.47;
T_3.46 ;
    %load/vec4 v0x123094af0_0;
    %load/vec4 v0x123094910_0;
    %cmp/u;
    %jmp/0xz  T_3.54, 5;
    %pushi/vec4 270, 0, 64;
    %load/vec4 v0x1230947f0_0;
    %pad/u 64;
    %add;
    %pad/u 9;
    %assign/vec4 v0x123094760_0, 0;
    %pushi/vec4 270, 0, 64;
    %load/vec4 v0x123093dd0_0;
    %pad/u 64;
    %add;
    %pad/u 9;
    %assign/vec4 v0x123093d00_0, 0;
    %jmp T_3.55;
T_3.54 ;
    %pushi/vec4 360, 0, 64;
    %load/vec4 v0x1230947f0_0;
    %pad/u 64;
    %sub;
    %pad/u 9;
    %assign/vec4 v0x123094760_0, 0;
    %pushi/vec4 360, 0, 64;
    %load/vec4 v0x123093dd0_0;
    %pad/u 64;
    %sub;
    %pad/u 9;
    %assign/vec4 v0x123093d00_0, 0;
T_3.55 ;
    %jmp T_3.47;
T_3.47 ;
    %pop/vec4 1;
    %pushi/vec4 5, 0, 32;
    %assign/vec4 v0x1230946d0_0, 0;
    %jmp T_3.8;
T_3.7 ;
    %pushi/vec4 1, 0, 1;
    %assign/vec4 v0x123094880_0, 0;
    %pushi/vec4 0, 0, 32;
    %assign/vec4 v0x1230946d0_0, 0;
    %jmp T_3.8;
T_3.8 ;
    %pop/vec4 1;
T_3.1 ;
    %jmp T_3;
    .thread T_3;
    .scope S_0x123022860;
T_4 ;
    %delay 5000, 0;
    %load/vec4 v0x123094df0_0;
    %nor/r;
    %store/vec4 v0x123094df0_0, 0, 1;
    %jmp T_4;
    .thread T_4;
    .scope S_0x123022860;
T_5 ;
    %vpi_call/w 3 34 "$dumpfile", "angle.vcd" {0 0 0};
    %vpi_call/w 3 35 "$dumpvars", 32'sb00000000000000000000000000000000, S_0x123022860 {0 0 0};
    %vpi_call/w 3 36 "$display", "Starting Sim" {0 0 0};
    %pushi/vec4 0, 0, 1;
    %store/vec4 v0x123094df0_0, 0, 1;
    %pushi/vec4 0, 0, 1;
    %store/vec4 v0x123094f60_0, 0, 1;
    %pushi/vec4 0, 0, 11;
    %store/vec4 v0x123095220_0, 0, 11;
    %pushi/vec4 0, 0, 10;
    %store/vec4 v0x123095360_0, 0, 10;
    %pushi/vec4 0, 0, 11;
    %store/vec4 v0x1230952b0_0, 0, 11;
    %pushi/vec4 10, 0, 10;
    %store/vec4 v0x123095490_0, 0, 10;
    %delay 10000, 0;
    %pushi/vec4 1, 0, 1;
    %store/vec4 v0x123094f60_0, 0, 1;
    %delay 10000, 0;
    %pushi/vec4 0, 0, 1;
    %store/vec4 v0x123094f60_0, 0, 1;
    %delay 10000, 0;
    %pushi/vec4 0, 0, 11;
    %store/vec4 v0x123095220_0, 0, 11;
    %pushi/vec4 0, 0, 10;
    %store/vec4 v0x123095360_0, 0, 10;
    %pushi/vec4 10, 0, 11;
    %store/vec4 v0x1230952b0_0, 0, 11;
    %pushi/vec4 10, 0, 10;
    %store/vec4 v0x123095490_0, 0, 10;
    %delay 1000000, 0;
    %pushi/vec4 1, 0, 1;
    %store/vec4 v0x123094f60_0, 0, 1;
    %delay 10000, 0;
    %pushi/vec4 0, 0, 1;
    %store/vec4 v0x123094f60_0, 0, 1;
    %delay 10000, 0;
    %pushi/vec4 10, 0, 11;
    %store/vec4 v0x123095220_0, 0, 11;
    %pushi/vec4 10, 0, 10;
    %store/vec4 v0x123095360_0, 0, 10;
    %pushi/vec4 100, 0, 11;
    %store/vec4 v0x1230952b0_0, 0, 11;
    %pushi/vec4 20, 0, 10;
    %store/vec4 v0x123095490_0, 0, 10;
    %delay 1000000, 0;
    %pushi/vec4 0, 0, 11;
    %store/vec4 v0x123095220_0, 0, 11;
    %pushi/vec4 0, 0, 10;
    %store/vec4 v0x123095360_0, 0, 10;
    %pushi/vec4 500, 0, 11;
    %store/vec4 v0x1230952b0_0, 0, 11;
    %pushi/vec4 10, 0, 10;
    %store/vec4 v0x123095490_0, 0, 10;
    %delay 1000000, 0;
    %fork t_1, S_0x1230229d0;
    %jmp t_0;
    .scope S_0x1230229d0;
t_1 ;
    %pushi/vec4 0, 0, 32;
    %store/vec4 v0x123012ef0_0, 0, 32;
T_5.0 ;
    %load/vec4 v0x123012ef0_0;
    %cmpi/s 200, 0, 32;
    %jmp/0xz T_5.1, 5;
    %load/vec4 v0x123095490_0;
    %pad/u 11;
    %addi 5, 0, 11;
    %pad/u 10;
    %store/vec4 v0x123095490_0, 0, 10;
    %pushi/vec4 1, 0, 1;
    %store/vec4 v0x1230950c0_0, 0, 1;
    %delay 10000, 0;
    %pushi/vec4 0, 0, 1;
    %store/vec4 v0x1230950c0_0, 0, 1;
    %delay 1000000, 0;
    ; show_stmt_assign_vector: Get l-value for compressed += operand
    %load/vec4 v0x123012ef0_0;
    %pushi/vec4 1, 0, 32;
    %add;
    %cast2;
    %store/vec4 v0x123012ef0_0, 0, 32;
    %jmp T_5.0;
T_5.1 ;
    %end;
    .scope S_0x123022860;
t_0 %join;
    %pushi/vec4 500, 0, 11;
    %store/vec4 v0x123095220_0, 0, 11;
    %pushi/vec4 0, 0, 11;
    %store/vec4 v0x1230952b0_0, 0, 11;
    %pushi/vec4 0, 0, 10;
    %store/vec4 v0x123095360_0, 0, 10;
    %pushi/vec4 1000, 0, 10;
    %store/vec4 v0x123095490_0, 0, 10;
    %delay 10000, 0;
    %fork t_3, S_0x123091bd0;
    %jmp t_2;
    .scope S_0x123091bd0;
t_3 ;
    %pushi/vec4 0, 0, 32;
    %store/vec4 v0x123091da0_0, 0, 32;
T_5.2 ;
    %load/vec4 v0x123091da0_0;
    %cmpi/s 200, 0, 32;
    %jmp/0xz T_5.3, 5;
    %load/vec4 v0x123095490_0;
    %pad/u 11;
    %subi 5, 0, 11;
    %pad/u 10;
    %store/vec4 v0x123095490_0, 0, 10;
    %pushi/vec4 1, 0, 1;
    %store/vec4 v0x1230950c0_0, 0, 1;
    %delay 10000, 0;
    %pushi/vec4 0, 0, 1;
    %store/vec4 v0x1230950c0_0, 0, 1;
    %delay 1000000, 0;
    ; show_stmt_assign_vector: Get l-value for compressed += operand
    %load/vec4 v0x123091da0_0;
    %pushi/vec4 1, 0, 32;
    %add;
    %cast2;
    %store/vec4 v0x123091da0_0, 0, 32;
    %jmp T_5.2;
T_5.3 ;
    %end;
    .scope S_0x123022860;
t_2 %join;
    %pushi/vec4 500, 0, 11;
    %store/vec4 v0x123095220_0, 0, 11;
    %pushi/vec4 0, 0, 11;
    %store/vec4 v0x1230952b0_0, 0, 11;
    %pushi/vec4 500, 0, 10;
    %store/vec4 v0x123095360_0, 0, 10;
    %pushi/vec4 0, 0, 10;
    %store/vec4 v0x123095490_0, 0, 10;
    %delay 10000, 0;
    %fork t_5, S_0x123091e30;
    %jmp t_4;
    .scope S_0x123091e30;
t_5 ;
    %pushi/vec4 0, 0, 32;
    %store/vec4 v0x123092010_0, 0, 32;
T_5.4 ;
    %load/vec4 v0x123092010_0;
    %cmpi/s 200, 0, 32;
    %jmp/0xz T_5.5, 5;
    %load/vec4 v0x1230952b0_0;
    %addi 5, 0, 11;
    %store/vec4 v0x1230952b0_0, 0, 11;
    %pushi/vec4 1, 0, 1;
    %store/vec4 v0x1230950c0_0, 0, 1;
    %delay 10000, 0;
    %pushi/vec4 0, 0, 1;
    %store/vec4 v0x1230950c0_0, 0, 1;
    %delay 1000000, 0;
    ; show_stmt_assign_vector: Get l-value for compressed += operand
    %load/vec4 v0x123092010_0;
    %pushi/vec4 1, 0, 32;
    %add;
    %cast2;
    %store/vec4 v0x123092010_0, 0, 32;
    %jmp T_5.4;
T_5.5 ;
    %end;
    .scope S_0x123022860;
t_4 %join;
    %vpi_call/w 3 105 "$display", "Finishing Sim" {0 0 0};
    %vpi_call/w 3 106 "$finish" {0 0 0};
    %end;
    .thread T_5;
# The file index is used to find the file name in the following table.
:file_names 7;
    "N/A";
    "<interactive>";
    "-";
    "sim/angle_division_tb.sv";
    "hdl/angle_division.sv";
    "hdl/divider.sv";
    "hdl/Angles_Lookup.sv";
