#! /opt/homebrew/Cellar/icarus-verilog/12.0/bin/vvp
:ivl_version "12.0 (stable)";
:ivl_delay_selection "TYPICAL";
:vpi_time_precision - 12;
:vpi_module "/opt/homebrew/Cellar/icarus-verilog/12.0/lib/ivl/system.vpi";
:vpi_module "/opt/homebrew/Cellar/icarus-verilog/12.0/lib/ivl/vhdl_sys.vpi";
:vpi_module "/opt/homebrew/Cellar/icarus-verilog/12.0/lib/ivl/vhdl_textio.vpi";
:vpi_module "/opt/homebrew/Cellar/icarus-verilog/12.0/lib/ivl/v2005_math.vpi";
:vpi_module "/opt/homebrew/Cellar/icarus-verilog/12.0/lib/ivl/va_math.vpi";
:vpi_module "/opt/homebrew/Cellar/icarus-verilog/12.0/lib/ivl/v2009.vpi";
S_0x141919870 .scope package, "$unit" "$unit" 2 1;
 .timescale 0 0;
S_0x1419199e0 .scope module, "bcd_tb" "bcd_tb" 3 4;
 .timescale -9 -12;
v0x14192a120_0 .net "bcd", 15 0, v0x141919d40_0;  1 drivers
v0x14192a1d0_0 .var "bin", 11 0;
v0x14192a260_0 .var "clk_in", 0 0;
v0x14192a330_0 .var "data_valid_in", 0 0;
v0x14192a3e0_0 .var "rst_in", 0 0;
S_0x141919b50 .scope module, "uut" "bin2bcd" 3 13, 4 4 0, S_0x1419199e0;
 .timescale -9 -12;
    .port_info 0 /INPUT 1 "clk_in";
    .port_info 1 /INPUT 1 "rst_in";
    .port_info 2 /INPUT 12 "bin";
    .port_info 3 /INPUT 1 "data_valid_in";
    .port_info 4 /OUTPUT 16 "bcd_out";
enum0x14190e810 .enum2/s (32)
   "IDLE" 0,
   "INITIALIZE" 1,
   "BCD" 2,
   "BCD_CHECK" 3,
   "OUTPUT" 4
 ;
v0x141919d40_0 .var "bcd_out", 15 0;
v0x141929bd0_0 .var "bcd_temp", 15 0;
v0x141929c70_0 .net "bin", 11 0, v0x14192a1d0_0;  1 drivers
v0x141929d20_0 .net "clk_in", 0 0, v0x14192a260_0;  1 drivers
v0x141929dc0_0 .net "data_valid_in", 0 0, v0x14192a330_0;  1 drivers
v0x141929ea0_0 .var "i", 4 0;
v0x141929f50_0 .net "rst_in", 0 0, v0x14192a3e0_0;  1 drivers
v0x141929ff0_0 .var/2s "state", 31 0;
E_0x141904a00 .event posedge, v0x141929d20_0;
    .scope S_0x141919b50;
T_0 ;
    %wait E_0x141904a00;
    %load/vec4 v0x141929f50_0;
    %flag_set/vec4 8;
    %jmp/0xz  T_0.0, 8;
    %pushi/vec4 0, 0, 16;
    %assign/vec4 v0x141929bd0_0, 0;
    %pushi/vec4 0, 0, 16;
    %assign/vec4 v0x141919d40_0, 0;
    %pushi/vec4 0, 0, 5;
    %assign/vec4 v0x141929ea0_0, 0;
    %pushi/vec4 1, 0, 32;
    %assign/vec4 v0x141929ff0_0, 0;
    %jmp T_0.1;
T_0.0 ;
    %load/vec4 v0x141929ff0_0;
    %dup/vec4;
    %pushi/vec4 0, 0, 32;
    %cmp/u;
    %jmp/1 T_0.2, 6;
    %dup/vec4;
    %pushi/vec4 1, 0, 32;
    %cmp/u;
    %jmp/1 T_0.3, 6;
    %dup/vec4;
    %pushi/vec4 2, 0, 32;
    %cmp/u;
    %jmp/1 T_0.4, 6;
    %dup/vec4;
    %pushi/vec4 3, 0, 32;
    %cmp/u;
    %jmp/1 T_0.5, 6;
    %dup/vec4;
    %pushi/vec4 4, 0, 32;
    %cmp/u;
    %jmp/1 T_0.6, 6;
    %jmp T_0.7;
T_0.2 ;
    %load/vec4 v0x141929dc0_0;
    %flag_set/vec4 8;
    %jmp/0xz  T_0.8, 8;
    %pushi/vec4 1, 0, 32;
    %assign/vec4 v0x141929ff0_0, 0;
    %jmp T_0.9;
T_0.8 ;
    %pushi/vec4 0, 0, 32;
    %assign/vec4 v0x141929ff0_0, 0;
T_0.9 ;
    %jmp T_0.7;
T_0.3 ;
    %pushi/vec4 0, 0, 16;
    %assign/vec4 v0x141929bd0_0, 0;
    %pushi/vec4 0, 0, 5;
    %assign/vec4 v0x141929ea0_0, 0;
    %pushi/vec4 2, 0, 32;
    %assign/vec4 v0x141929ff0_0, 0;
    %jmp T_0.7;
T_0.4 ;
    %load/vec4 v0x141929ea0_0;
    %pad/u 32;
    %cmpi/u 12, 0, 32;
    %jmp/0xz  T_0.10, 5;
    %load/vec4 v0x141929bd0_0;
    %parti/s 1, 14, 5;
    %ix/load 4, 15, 0;
    %ix/load 5, 0, 0;
    %flag_set/imm 4, 0;
    %assign/vec4/off/d v0x141929bd0_0, 4, 5;
    %load/vec4 v0x141929bd0_0;
    %parti/s 1, 13, 5;
    %ix/load 4, 14, 0;
    %ix/load 5, 0, 0;
    %flag_set/imm 4, 0;
    %assign/vec4/off/d v0x141929bd0_0, 4, 5;
    %load/vec4 v0x141929bd0_0;
    %parti/s 1, 12, 5;
    %ix/load 4, 13, 0;
    %ix/load 5, 0, 0;
    %flag_set/imm 4, 0;
    %assign/vec4/off/d v0x141929bd0_0, 4, 5;
    %load/vec4 v0x141929bd0_0;
    %parti/s 1, 11, 5;
    %ix/load 4, 12, 0;
    %ix/load 5, 0, 0;
    %flag_set/imm 4, 0;
    %assign/vec4/off/d v0x141929bd0_0, 4, 5;
    %load/vec4 v0x141929bd0_0;
    %parti/s 1, 10, 5;
    %ix/load 4, 11, 0;
    %ix/load 5, 0, 0;
    %flag_set/imm 4, 0;
    %assign/vec4/off/d v0x141929bd0_0, 4, 5;
    %load/vec4 v0x141929bd0_0;
    %parti/s 1, 9, 5;
    %ix/load 4, 10, 0;
    %ix/load 5, 0, 0;
    %flag_set/imm 4, 0;
    %assign/vec4/off/d v0x141929bd0_0, 4, 5;
    %load/vec4 v0x141929bd0_0;
    %parti/s 1, 8, 5;
    %ix/load 4, 9, 0;
    %ix/load 5, 0, 0;
    %flag_set/imm 4, 0;
    %assign/vec4/off/d v0x141929bd0_0, 4, 5;
    %load/vec4 v0x141929bd0_0;
    %parti/s 1, 7, 4;
    %ix/load 4, 8, 0;
    %ix/load 5, 0, 0;
    %flag_set/imm 4, 0;
    %assign/vec4/off/d v0x141929bd0_0, 4, 5;
    %load/vec4 v0x141929bd0_0;
    %parti/s 1, 6, 4;
    %ix/load 4, 7, 0;
    %ix/load 5, 0, 0;
    %flag_set/imm 4, 0;
    %assign/vec4/off/d v0x141929bd0_0, 4, 5;
    %load/vec4 v0x141929bd0_0;
    %parti/s 1, 5, 4;
    %ix/load 4, 6, 0;
    %ix/load 5, 0, 0;
    %flag_set/imm 4, 0;
    %assign/vec4/off/d v0x141929bd0_0, 4, 5;
    %load/vec4 v0x141929bd0_0;
    %parti/s 1, 4, 4;
    %ix/load 4, 5, 0;
    %ix/load 5, 0, 0;
    %flag_set/imm 4, 0;
    %assign/vec4/off/d v0x141929bd0_0, 4, 5;
    %load/vec4 v0x141929bd0_0;
    %parti/s 1, 3, 3;
    %ix/load 4, 4, 0;
    %ix/load 5, 0, 0;
    %flag_set/imm 4, 0;
    %assign/vec4/off/d v0x141929bd0_0, 4, 5;
    %load/vec4 v0x141929bd0_0;
    %parti/s 1, 2, 3;
    %ix/load 4, 3, 0;
    %ix/load 5, 0, 0;
    %flag_set/imm 4, 0;
    %assign/vec4/off/d v0x141929bd0_0, 4, 5;
    %load/vec4 v0x141929bd0_0;
    %parti/s 1, 1, 2;
    %ix/load 4, 2, 0;
    %ix/load 5, 0, 0;
    %flag_set/imm 4, 0;
    %assign/vec4/off/d v0x141929bd0_0, 4, 5;
    %load/vec4 v0x141929bd0_0;
    %parti/s 1, 0, 2;
    %ix/load 4, 1, 0;
    %ix/load 5, 0, 0;
    %flag_set/imm 4, 0;
    %assign/vec4/off/d v0x141929bd0_0, 4, 5;
    %load/vec4 v0x141929c70_0;
    %pushi/vec4 11, 0, 32;
    %load/vec4 v0x141929ea0_0;
    %pad/u 32;
    %sub;
    %part/u 1;
    %ix/load 4, 0, 0;
    %ix/load 5, 0, 0;
    %flag_set/imm 4, 0;
    %assign/vec4/off/d v0x141929bd0_0, 4, 5;
    %pushi/vec4 3, 0, 32;
    %assign/vec4 v0x141929ff0_0, 0;
    %jmp T_0.11;
T_0.10 ;
    %load/vec4 v0x141929bd0_0;
    %assign/vec4 v0x141919d40_0, 0;
    %pushi/vec4 0, 0, 5;
    %assign/vec4 v0x141929ea0_0, 0;
    %pushi/vec4 4, 0, 32;
    %assign/vec4 v0x141929ff0_0, 0;
T_0.11 ;
    %jmp T_0.7;
T_0.5 ;
    %load/vec4 v0x141929ea0_0;
    %pad/u 32;
    %cmpi/u 11, 0, 32;
    %flag_get/vec4 5;
    %jmp/0 T_0.14, 5;
    %pushi/vec4 4, 0, 32;
    %load/vec4 v0x141929bd0_0;
    %parti/s 4, 0, 2;
    %pad/u 32;
    %cmp/u;
    %flag_get/vec4 5;
    %and;
T_0.14;
    %flag_set/vec4 8;
    %jmp/0xz  T_0.12, 8;
    %load/vec4 v0x141929bd0_0;
    %parti/s 4, 0, 2;
    %addi 3, 0, 4;
    %ix/load 4, 0, 0;
    %ix/load 5, 0, 0;
    %flag_set/imm 4, 0;
    %assign/vec4/off/d v0x141929bd0_0, 4, 5;
T_0.12 ;
    %load/vec4 v0x141929ea0_0;
    %pad/u 32;
    %cmpi/u 11, 0, 32;
    %flag_get/vec4 5;
    %jmp/0 T_0.17, 5;
    %pushi/vec4 4, 0, 32;
    %load/vec4 v0x141929bd0_0;
    %parti/s 4, 4, 4;
    %pad/u 32;
    %cmp/u;
    %flag_get/vec4 5;
    %and;
T_0.17;
    %flag_set/vec4 8;
    %jmp/0xz  T_0.15, 8;
    %load/vec4 v0x141929bd0_0;
    %parti/s 4, 4, 4;
    %addi 3, 0, 4;
    %ix/load 4, 4, 0;
    %ix/load 5, 0, 0;
    %flag_set/imm 4, 0;
    %assign/vec4/off/d v0x141929bd0_0, 4, 5;
T_0.15 ;
    %load/vec4 v0x141929ea0_0;
    %pad/u 32;
    %cmpi/u 11, 0, 32;
    %flag_get/vec4 5;
    %jmp/0 T_0.20, 5;
    %pushi/vec4 4, 0, 32;
    %load/vec4 v0x141929bd0_0;
    %parti/s 4, 8, 5;
    %pad/u 32;
    %cmp/u;
    %flag_get/vec4 5;
    %and;
T_0.20;
    %flag_set/vec4 8;
    %jmp/0xz  T_0.18, 8;
    %load/vec4 v0x141929bd0_0;
    %parti/s 4, 8, 5;
    %addi 3, 0, 4;
    %ix/load 4, 8, 0;
    %ix/load 5, 0, 0;
    %flag_set/imm 4, 0;
    %assign/vec4/off/d v0x141929bd0_0, 4, 5;
T_0.18 ;
    %load/vec4 v0x141929ea0_0;
    %pad/u 32;
    %cmpi/u 11, 0, 32;
    %flag_get/vec4 5;
    %jmp/0 T_0.23, 5;
    %pushi/vec4 4, 0, 32;
    %load/vec4 v0x141929bd0_0;
    %parti/s 4, 12, 5;
    %pad/u 32;
    %cmp/u;
    %flag_get/vec4 5;
    %and;
T_0.23;
    %flag_set/vec4 8;
    %jmp/0xz  T_0.21, 8;
    %load/vec4 v0x141929bd0_0;
    %parti/s 4, 12, 5;
    %addi 3, 0, 4;
    %ix/load 4, 12, 0;
    %ix/load 5, 0, 0;
    %flag_set/imm 4, 0;
    %assign/vec4/off/d v0x141929bd0_0, 4, 5;
T_0.21 ;
    %pushi/vec4 2, 0, 32;
    %assign/vec4 v0x141929ff0_0, 0;
    %load/vec4 v0x141929ea0_0;
    %addi 1, 0, 5;
    %assign/vec4 v0x141929ea0_0, 0;
    %jmp T_0.7;
T_0.6 ;
    %pushi/vec4 0, 0, 16;
    %assign/vec4 v0x141929bd0_0, 0;
    %pushi/vec4 0, 0, 32;
    %assign/vec4 v0x141929ff0_0, 0;
    %jmp T_0.7;
T_0.7 ;
    %pop/vec4 1;
T_0.1 ;
    %jmp T_0;
    .thread T_0;
    .scope S_0x1419199e0;
T_1 ;
    %delay 5000, 0;
    %load/vec4 v0x14192a260_0;
    %nor/r;
    %store/vec4 v0x14192a260_0, 0, 1;
    %jmp T_1;
    .thread T_1;
    .scope S_0x1419199e0;
T_2 ;
    %vpi_call/w 3 27 "$dumpfile", "bcd.vcd" {0 0 0};
    %vpi_call/w 3 28 "$dumpvars", 32'sb00000000000000000000000000000000, S_0x1419199e0 {0 0 0};
    %vpi_call/w 3 29 "$display", "Starting Sim" {0 0 0};
    %pushi/vec4 0, 0, 1;
    %store/vec4 v0x14192a260_0, 0, 1;
    %pushi/vec4 0, 0, 1;
    %store/vec4 v0x14192a3e0_0, 0, 1;
    %delay 10000, 0;
    %pushi/vec4 1, 0, 1;
    %store/vec4 v0x14192a3e0_0, 0, 1;
    %delay 100000, 0;
    %pushi/vec4 0, 0, 1;
    %store/vec4 v0x14192a3e0_0, 0, 1;
    %delay 10000, 0;
    %pushi/vec4 1258, 0, 12;
    %store/vec4 v0x14192a1d0_0, 0, 12;
    %delay 10000, 0;
    %pushi/vec4 1, 0, 1;
    %store/vec4 v0x14192a330_0, 0, 1;
    %delay 10000, 0;
    %pushi/vec4 0, 0, 1;
    %store/vec4 v0x14192a330_0, 0, 1;
    %delay 10000000, 0;
    %pushi/vec4 3731, 0, 12;
    %store/vec4 v0x14192a1d0_0, 0, 12;
    %delay 10000, 0;
    %pushi/vec4 1, 0, 1;
    %store/vec4 v0x14192a330_0, 0, 1;
    %delay 10000, 0;
    %pushi/vec4 0, 0, 1;
    %store/vec4 v0x14192a330_0, 0, 1;
    %delay 10000000, 0;
    %vpi_call/w 3 50 "$display", "Finishing Sim" {0 0 0};
    %vpi_call/w 3 51 "$finish" {0 0 0};
    %end;
    .thread T_2;
# The file index is used to find the file name in the following table.
:file_names 5;
    "N/A";
    "<interactive>";
    "-";
    "sim/bcd_tb.sv";
    "hdl/bin2bcd.sv";
